Log file open, 04/22/23 11:35:29
LogWindows: Failed to load 'aqProf.dll' (GetLastError=126)
LogWindows: File 'aqProf.dll' does not exist
LogWindows: Failed to load 'VtuneApi.dll' (GetLastError=126)
LogWindows: File 'VtuneApi.dll' does not exist
LogWindows: Failed to load 'VtuneApi32e.dll' (GetLastError=126)
LogWindows: File 'VtuneApi32e.dll' does not exist
LogConsoleResponse: Display: Failed to find resolution value strings in scalability ini. Falling back to default.
LogConsoleResponse: Display: Failed to find resolution value strings in scalability ini. Falling back to default.
LogInit: Display: Running engine for game: IMAT2104Assignment
LogPlatformFile: Not using cached read wrapper
LogTaskGraph: Started task graph with 5 named threads and 20 total threads with 3 sets of task threads.
LogStats: Stats thread started at 0.330116
LogICUInternationalization: ICU TimeZone Detection - Raw Offset: +0:00, Platform Override: ''
LogInit: Display: Loading text-based GConfig....
LogPluginManager: Mounting plugin MeshPainting
LogPluginManager: Mounting plugin XGEController
LogPluginManager: Mounting plugin Paper2D
LogPluginManager: Mounting plugin AISupport
LogPluginManager: Mounting plugin EnvironmentQueryEditor
LogPluginManager: Mounting plugin LightPropagationVolume
LogPluginManager: Mounting plugin LiveLink
LogPluginManager: Mounting plugin CameraShakePreviewer
LogPluginManager: Mounting plugin GameplayCameras
LogPluginManager: Mounting plugin OodleData
LogPluginManager: Mounting plugin OodleNetwork
LogPluginManager: Mounting plugin AnimationSharing
LogPluginManager: Mounting plugin CLionSourceCodeAccess
LogPluginManager: Mounting plugin CodeLiteSourceCodeAccess
LogPluginManager: Mounting plugin GitSourceControl
LogPluginManager: Mounting plugin KDevelopSourceCodeAccess
LogPluginManager: Mounting plugin NullSourceCodeAccess
LogPluginManager: Mounting plugin PixWinPlugin
LogPluginManager: Mounting plugin PerforceSourceControl
LogPluginManager: Mounting plugin PlasticSourceControl
LogPluginManager: Mounting plugin PluginUtils
LogPluginManager: Mounting plugin PropertyAccessNode
LogPluginManager: Mounting plugin SubversionSourceControl
LogPluginManager: Mounting plugin TextureFormatOodle
LogPluginManager: Mounting plugin UObjectPlugin
LogPluginManager: Mounting plugin VisualStudioCodeSourceCodeAccess
LogPluginManager: Mounting plugin VisualStudioSourceCodeAccess
LogPluginManager: Mounting plugin AssetManagerEditor
LogPluginManager: Mounting plugin XCodeSourceCodeAccess
LogPluginManager: Mounting plugin CryptoKeys
LogPluginManager: Mounting plugin CurveEditorTools
LogPluginManager: Mounting plugin DataValidation
LogPluginManager: Mounting plugin FacialAnimation
LogPluginManager: Mounting plugin GeometryMode
LogPluginManager: Mounting plugin RiderSourceCodeAccess
LogPluginManager: Mounting plugin GameplayTagsEditor
LogPluginManager: Mounting plugin MacGraphicsSwitching
LogPluginManager: Mounting plugin MaterialAnalyzer
LogPluginManager: Mounting plugin MobileLauncherProfileWizard
LogPluginManager: Mounting plugin PluginBrowser
LogPluginManager: Mounting plugin SpeedTreeImporter
LogPluginManager: Mounting plugin DatasmithContent
LogPluginManager: Mounting plugin VariantManagerContent
LogPluginManager: Mounting plugin AlembicImporter
LogPluginManager: Mounting plugin AutomationUtils
LogPluginManager: Mounting plugin BackChannel
LogPluginManager: Mounting plugin ChaosClothEditor
LogPluginManager: Mounting plugin ChaosCloth
LogPluginManager: Mounting plugin ChaosEditor
LogPluginManager: Mounting plugin ChaosNiagara
LogPluginManager: Mounting plugin ChaosSolverPlugin
LogPluginManager: Mounting plugin CharacterAI
LogPluginManager: Mounting plugin GeometryCache
LogPluginManager: Mounting plugin GeometryCollectionPlugin
LogPluginManager: Mounting plugin GeometryProcessing
LogPluginManager: Mounting plugin MotoSynth
LogPluginManager: Mounting plugin OpenImageDenoise
LogPluginManager: Mounting plugin PlanarCut
LogPluginManager: Mounting plugin PlatformCrypto
LogPluginManager: Mounting plugin PythonScriptPlugin
LogPluginManager: Mounting plugin SkeletalReduction
LogPluginManager: Mounting plugin MagicLeap
LogPluginManager: Mounting plugin LuminPlatformFeatures
LogPluginManager: Mounting plugin MagicLeapLightEstimation
LogPluginManager: Mounting plugin MagicLeapMedia
LogPluginManager: Mounting plugin MagicLeapPassableWorld
LogPluginManager: Mounting plugin MLSDK
LogPluginManager: Mounting plugin AndroidMedia
LogPluginManager: Mounting plugin AvfMedia
LogPluginManager: Mounting plugin ImgMedia
LogPluginManager: Mounting plugin MediaCompositing
LogPluginManager: Mounting plugin MediaPlayerEditor
LogPluginManager: Mounting plugin WebMMedia
LogPluginManager: Mounting plugin WmfMedia
LogPluginManager: Mounting plugin TcpMessaging
LogPluginManager: Mounting plugin UdpMessaging
LogPluginManager: Mounting plugin ActorSequence
LogPluginManager: Mounting plugin LevelSequenceEditor
LogPluginManager: Mounting plugin MatineeToLevelSequence
LogPluginManager: Mounting plugin TemplateSequence
LogPluginManager: Mounting plugin OnlineSubsystem
LogPluginManager: Mounting plugin OnlineSubsystemNull
LogPluginManager: Mounting plugin OnlineSubsystemUtils
LogPluginManager: Mounting plugin Niagara
LogPluginManager: Mounting plugin LauncherChunkInstaller
LogPluginManager: Mounting plugin ActorLayerUtilities
LogPluginManager: Mounting plugin AndroidDeviceProfileSelector
LogPluginManager: Mounting plugin AndroidMoviePlayer
LogPluginManager: Mounting plugin AndroidPermission
LogPluginManager: Mounting plugin AppleImageUtils
LogPluginManager: Mounting plugin AppleMoviePlayer
LogPluginManager: Mounting plugin ArchVisCharacter
LogPluginManager: Mounting plugin AssetTags
LogPluginManager: Mounting plugin AudioCapture
LogPluginManager: Mounting plugin AudioSynesthesia
LogPluginManager: Mounting plugin CableComponent
LogPluginManager: Mounting plugin ChunkDownloader
LogPluginManager: Mounting plugin EditableMesh
LogPluginManager: Mounting plugin ExampleDeviceProfileSelector
LogPluginManager: Mounting plugin GooglePAD
LogPluginManager: Mounting plugin GoogleCloudMessaging
LogPluginManager: Mounting plugin IOSDeviceProfileSelector
LogPluginManager: Mounting plugin LinuxDeviceProfileSelector
LogPluginManager: Mounting plugin LocationServicesBPLibrary
LogPluginManager: Mounting plugin MobilePatchingUtils
LogPluginManager: Mounting plugin OpenXR
LogPluginManager: Mounting plugin OpenXREyeTracker
LogPluginManager: Mounting plugin CustomMeshComponent
LogPluginManager: Mounting plugin OpenXRHandTracking
LogPluginManager: Mounting plugin PostSplashScreen
LogPluginManager: Mounting plugin ProceduralMeshComponent
LogPluginManager: Mounting plugin PropertyAccessEditor
LogPluginManager: Mounting plugin PhysXVehicles
LogPluginManager: Mounting plugin ProxyLODPlugin
LogPluginManager: Mounting plugin RuntimePhysXCooking
LogPluginManager: Mounting plugin SignificanceManager
LogPluginManager: Mounting plugin SoundFields
LogPluginManager: Mounting plugin Synthesis
LogPluginManager: Mounting plugin WebMMoviePlayer
LogPluginManager: Mounting plugin WindowsMoviePlayer
LogPluginManager: Mounting plugin ScreenshotTools
LogPluginManager: Mounting plugin Takes
LogPluginManager: Mounting plugin ContentBrowserAssetDataSource
LogPluginManager: Mounting plugin ContentBrowserClassDataSource
LogPluginManager: Mounting plugin ContentBrowserFileDataSource
LogPluginManager: Mounting plugin OnlineSubsystemIOS
LogPluginManager: Mounting plugin OnlineSubsystemGooglePlay
LogPluginManager: Mounting plugin OculusVR
LogPluginManager: Mounting plugin SteamVR
PixWinPlugin: PIX capture plugin failed to initialize! Check that the process is launched from PIX.
LogLuminAPIImpl: Warning: MLSDK not found.  This likely means the MLSDK environment variable is not set.
LogInit: Using libcurl 7.55.1-DEV
LogInit:  - built for x86_64-pc-win32
LogInit:  - supports SSL with OpenSSL/1.1.1
LogInit:  - supports HTTP deflate (compression) using libz 1.2.8
LogInit:  - other features:
LogInit:      CURL_VERSION_SSL
LogInit:      CURL_VERSION_LIBZ
LogInit:      CURL_VERSION_IPV6
LogInit:      CURL_VERSION_ASYNCHDNS
LogInit:      CURL_VERSION_LARGEFILE
LogInit:      CURL_VERSION_IDN
LogInit:  CurlRequestOptions (configurable via config and command line):
LogInit:  - bVerifyPeer = true  - Libcurl will verify peer certificate
LogInit:  - bUseHttpProxy = false  - Libcurl will NOT use HTTP proxy
LogInit:  - bDontReuseConnections = false  - Libcurl will reuse connections
LogInit:  - MaxHostConnections = 16  - Libcurl will limit the number of connections to a host
LogInit:  - LocalHostAddr = Default
LogInit:  - BufferSize = 65536
LogOnline: OSS: Creating online subsystem instance for: NULL
LogInit: WinSock: version 1.1 (2.2), MaxSocks=32767, MaxUdp=65467
LogOnline: OSS: TryLoadSubsystemAndSetDefault: Loaded subsystem for module [NULL]
LogOculusPluginWrapper: OculusPlugin initialized successfully
LogHMD: Failed initializing OVRPlugin 1.59.0
LogInit: Build: ++UE4+Release-4.27-CL-18319896
LogInit: Engine Version: 4.27.2-18319896+++UE4+Release-4.27
LogInit: Compatible Engine Version: 4.27.0-17155196+++UE4+Release-4.27
LogInit: Net CL: 17155196
LogInit: OS: Windows 10 (Release 2009) (), CPU: Intel(R) Core(TM) i5-9400F CPU @ 2.90GHz, GPU: NVIDIA GeForce GTX 1060 6GB
LogInit: Compiled (64-bit): Nov 30 2021 07:12:08
LogInit: Compiled with Visual C++: 19.24.28315.00
LogInit: Build Configuration: Development
LogInit: Branch Name: ++UE4+Release-4.27
LogInit: Command Line:  -EpicPortal -epicusername=AspireZHD -epicuserid=af6a29d7adf94a1c9e307c6bcedcb3b6 -epiclocale=en -epicsandboxid=ue
LogInit: Base Directory: C:/Program Files/Epic Games/UE_4.27/Engine/Binaries/Win64/
LogInit: Allocator: TBB
LogInit: Installed Engine Build: 1
LogDevObjectVersion: Number of dev versions registered: 29
LogDevObjectVersion:   Dev-Blueprints (B0D832E4-1F89-4F0D-ACCF-7EB736FD4AA2): 10
LogDevObjectVersion:   Dev-Build (E1C64328-A22C-4D53-A36C-8E866417BD8C): 0
LogDevObjectVersion:   Dev-Core (375EC13C-06E4-48FB-B500-84F0262A717E): 4
LogDevObjectVersion:   Dev-Editor (E4B068ED-F494-42E9-A231-DA0B2E46BB41): 40
LogDevObjectVersion:   Dev-Framework (CFFC743F-43B0-4480-9391-14DF171D2073): 37
LogDevObjectVersion:   Dev-Mobile (B02B49B5-BB20-44E9-A304-32B752E40360): 3
LogDevObjectVersion:   Dev-Networking (A4E4105C-59A1-49B5-A7C5-40C4547EDFEE): 0
LogDevObjectVersion:   Dev-Online (39C831C9-5AE6-47DC-9A44-9C173E1C8E7C): 0
LogDevObjectVersion:   Dev-Physics (78F01B33-EBEA-4F98-B9B4-84EACCB95AA2): 14
LogDevObjectVersion:   Dev-Platform (6631380F-2D4D-43E0-8009-CF276956A95A): 0
LogDevObjectVersion:   Dev-Rendering (12F88B9F-8875-4AFC-A67C-D90C383ABD29): 45
LogDevObjectVersion:   Dev-Sequencer (7B5AE74C-D270-4C10-A958-57980B212A5A): 13
LogDevObjectVersion:   Dev-VR (D7296918-1DD6-4BDD-9DE2-64A83CC13884): 3
LogDevObjectVersion:   Dev-LoadTimes (C2A15278-BFE7-4AFE-6C17-90FF531DF755): 1
LogDevObjectVersion:   Private-Geometry (6EACA3D4-40EC-4CC1-B786-8BED09428FC5): 3
LogDevObjectVersion:   Dev-AnimPhys (29E575DD-E0A3-4627-9D10-D276232CDCEA): 17
LogDevObjectVersion:   Dev-Anim (AF43A65D-7FD3-4947-9873-3E8ED9C1BB05): 15
LogDevObjectVersion:   Dev-ReflectionCapture (6B266CEC-1EC7-4B8F-A30B-E4D90942FC07): 1
LogDevObjectVersion:   Dev-Automation (0DF73D61-A23F-47EA-B727-89E90C41499A): 1
LogDevObjectVersion:   FortniteMain (601D1886-AC64-4F84-AA16-D3DE0DEAC7D6): 47
LogDevObjectVersion:   FortniteRelease (E7086368-6B23-4C58-8439-1B7016265E91): 1
LogDevObjectVersion:   Dev-Enterprise (9DFFBCD6-494F-0158-E221-12823C92A888): 10
LogDevObjectVersion:   Dev-Niagara (F2AED0AC-9AFE-416F-8664-AA7FFA26D6FC): 1
LogDevObjectVersion:   Dev-Destruction (174F1F0B-B4C6-45A5-B13F-2EE8D0FB917D): 10
LogDevObjectVersion:   Dev-Physics-Ext (35F94A83-E258-406C-A318-09F59610247C): 41
LogDevObjectVersion:   Dev-PhysicsMaterial-Chaos (B68FC16E-8B1B-42E2-B453-215C058844FE): 1
LogDevObjectVersion:   Dev-CineCamera (B2E18506-4273-CFC2-A54E-F4BB758BBA07): 1
LogDevObjectVersion:   Dev-VirtualProduction (64F58936-FD1B-42BA-BA96-7289D5D0FA4E): 1
LogDevObjectVersion:   Dev-MediaFramework (6F0ED827-A609-4895-9C91-998D90180EA4): 2
LogInit: Presizing for max 25165824 objects, including 0 objects not considered by GC, pre-allocating 0 bytes for permanent pool.
LogConfig: Applying CVar settings from Section [/Script/Engine.StreamingSettings] File [C:/Users/zefan/OneDrive/Documents/GitHub/IMAT2104Assignment/IMAT2104Assignment/Saved/Config/Windows/Engine.ini]
LogConfig: Setting CVar [[s.MinBulkDataSizeForAsyncLoading:131072]]
LogConfig: Setting CVar [[s.AsyncLoadingThreadEnabled:0]]
LogConfig: Setting CVar [[s.EventDrivenLoaderEnabled:1]]
LogConfig: Setting CVar [[s.WarnIfTimeLimitExceeded:0]]
LogConfig: Setting CVar [[s.TimeLimitExceededMultiplier:1.5]]
LogConfig: Setting CVar [[s.TimeLimitExceededMinTime:0.005]]
LogConfig: Setting CVar [[s.UseBackgroundLevelStreaming:1]]
LogConfig: Setting CVar [[s.PriorityAsyncLoadingExtraTime:15.0]]
LogConfig: Setting CVar [[s.LevelStreamingActorsUpdateTimeLimit:5.0]]
LogConfig: Setting CVar [[s.PriorityLevelStreamingActorsUpdateExtraTime:5.0]]
LogConfig: Setting CVar [[s.LevelStreamingComponentsRegistrationGranularity:10]]
LogConfig: Setting CVar [[s.UnregisterComponentsTimeLimit:1.0]]
LogConfig: Setting CVar [[s.LevelStreamingComponentsUnregistrationGranularity:5]]
LogConfig: Setting CVar [[s.FlushStreamingOnExit:1]]
LogInit: Object subsystem initialized
LogConfig: Setting CVar [[con.DebugEarlyDefault:1]]
LogConfig: Setting CVar [[r.setres:1280x720]]
[2023.04.22-10.35.30:955][  0]LogConfig: Setting CVar [[r.VSync:0]]
[2023.04.22-10.35.30:955][  0]LogConfig: Setting CVar [[r.RHICmdBypass:0]]
[2023.04.22-10.35.30:955][  0]LogConfig: Applying CVar settings from Section [/Script/Engine.RendererSettings] File [C:/Users/zefan/OneDrive/Documents/GitHub/IMAT2104Assignment/IMAT2104Assignment/Saved/Config/Windows/Engine.ini]
[2023.04.22-10.35.30:955][  0]LogConfig: Setting CVar [[r.GPUCrashDebugging:0]]
[2023.04.22-10.35.30:955][  0]LogConfig: Applying CVar settings from Section [/Script/Engine.RendererOverrideSettings] File [C:/Users/zefan/OneDrive/Documents/GitHub/IMAT2104Assignment/IMAT2104Assignment/Saved/Config/Windows/Engine.ini]
[2023.04.22-10.35.30:955][  0]LogConfig: Applying CVar settings from Section [/Script/Engine.StreamingSettings] File [C:/Users/zefan/OneDrive/Documents/GitHub/IMAT2104Assignment/IMAT2104Assignment/Saved/Config/Windows/Engine.ini]
[2023.04.22-10.35.30:955][  0]LogConfig: Setting CVar [[s.MinBulkDataSizeForAsyncLoading:131072]]
[2023.04.22-10.35.30:955][  0]LogConfig: Setting CVar [[s.AsyncLoadingThreadEnabled:0]]
[2023.04.22-10.35.30:955][  0]LogConfig: Setting CVar [[s.EventDrivenLoaderEnabled:1]]
[2023.04.22-10.35.30:955][  0]LogConfig: Setting CVar [[s.WarnIfTimeLimitExceeded:0]]
[2023.04.22-10.35.30:955][  0]LogConfig: Setting CVar [[s.TimeLimitExceededMultiplier:1.5]]
[2023.04.22-10.35.30:955][  0]LogConfig: Setting CVar [[s.TimeLimitExceededMinTime:0.005]]
[2023.04.22-10.35.30:955][  0]LogConfig: Setting CVar [[s.UseBackgroundLevelStreaming:1]]
[2023.04.22-10.35.30:955][  0]LogConfig: Setting CVar [[s.PriorityAsyncLoadingExtraTime:15.0]]
[2023.04.22-10.35.30:955][  0]LogConfig: Setting CVar [[s.LevelStreamingActorsUpdateTimeLimit:5.0]]
[2023.04.22-10.35.30:955][  0]LogConfig: Setting CVar [[s.PriorityLevelStreamingActorsUpdateExtraTime:5.0]]
[2023.04.22-10.35.30:955][  0]LogConfig: Setting CVar [[s.LevelStreamingComponentsRegistrationGranularity:10]]
[2023.04.22-10.35.30:955][  0]LogConfig: Setting CVar [[s.UnregisterComponentsTimeLimit:1.0]]
[2023.04.22-10.35.30:955][  0]LogConfig: Setting CVar [[s.LevelStreamingComponentsUnregistrationGranularity:5]]
[2023.04.22-10.35.30:955][  0]LogConfig: Setting CVar [[s.FlushStreamingOnExit:1]]
[2023.04.22-10.35.30:955][  0]LogConfig: Applying CVar settings from Section [/Script/Engine.GarbageCollectionSettings] File [C:/Users/zefan/OneDrive/Documents/GitHub/IMAT2104Assignment/IMAT2104Assignment/Saved/Config/Windows/Engine.ini]
[2023.04.22-10.35.30:955][  0]LogConfig: Setting CVar [[gc.MaxObjectsNotConsideredByGC:1]]
[2023.04.22-10.35.30:955][  0]LogConfig: Setting CVar [[gc.SizeOfPermanentObjectPool:0]]
[2023.04.22-10.35.30:955][  0]LogConfig: Setting CVar [[gc.FlushStreamingOnGC:0]]
[2023.04.22-10.35.30:955][  0]LogConfig: Setting CVar [[gc.NumRetriesBeforeForcingGC:10]]
[2023.04.22-10.35.30:955][  0]LogConfig: Setting CVar [[gc.AllowParallelGC:1]]
[2023.04.22-10.35.30:955][  0]LogConfig: Setting CVar [[gc.TimeBetweenPurgingPendingKillObjects:61.1]]
[2023.04.22-10.35.30:955][  0]LogConfig: Setting CVar [[gc.MaxObjectsInEditor:25165824]]
[2023.04.22-10.35.30:955][  0]LogConfig: Setting CVar [[gc.IncrementalBeginDestroyEnabled:1]]
[2023.04.22-10.35.30:955][  0]LogConfig: Setting CVar [[gc.CreateGCClusters:1]]
[2023.04.22-10.35.30:955][  0]LogConfig: Setting CVar [[gc.MinGCClusterSize:5]]
[2023.04.22-10.35.30:955][  0]LogConfig: Setting CVar [[gc.ActorClusteringEnabled:0]]
[2023.04.22-10.35.30:955][  0]LogConfig: Setting CVar [[gc.BlueprintClusteringEnabled:0]]
[2023.04.22-10.35.30:955][  0]LogConfig: Setting CVar [[gc.UseDisregardForGCOnDedicatedServers:0]]
[2023.04.22-10.35.30:955][  0]LogConfig: Setting CVar [[gc.MultithreadedDestructionEnabled:1]]
[2023.04.22-10.35.30:955][  0]LogConfig: Applying CVar settings from Section [/Script/Engine.NetworkSettings] File [C:/Users/zefan/OneDrive/Documents/GitHub/IMAT2104Assignment/IMAT2104Assignment/Saved/Config/Windows/Engine.ini]
[2023.04.22-10.35.30:955][  0]LogConfig: Applying CVar settings from Section [/Script/UnrealEd.CookerSettings] File [C:/Users/zefan/OneDrive/Documents/GitHub/IMAT2104Assignment/IMAT2104Assignment/Saved/Config/Windows/Engine.ini]
[2023.04.22-10.35.30:964][  0]LogConfig: Applying CVar settings from Section [ViewDistanceQuality@3] File [C:/Users/zefan/OneDrive/Documents/GitHub/IMAT2104Assignment/IMAT2104Assignment/Saved/Config/Windows/Scalability.ini]
[2023.04.22-10.35.30:964][  0]LogConfig: Setting CVar [[r.SkeletalMeshLODBias:0]]
[2023.04.22-10.35.30:964][  0]LogConfig: Setting CVar [[r.ViewDistanceScale:1.0]]
[2023.04.22-10.35.30:964][  0]LogConfig: Applying CVar settings from Section [AntiAliasingQuality@3] File [C:/Users/zefan/OneDrive/Documents/GitHub/IMAT2104Assignment/IMAT2104Assignment/Saved/Config/Windows/Scalability.ini]
[2023.04.22-10.35.30:964][  0]LogConfig: Setting CVar [[r.PostProcessAAQuality:4]]
[2023.04.22-10.35.30:964][  0]LogConfig: Applying CVar settings from Section [ShadowQuality@3] File [C:/Users/zefan/OneDrive/Documents/GitHub/IMAT2104Assignment/IMAT2104Assignment/Saved/Config/Windows/Scalability.ini]
[2023.04.22-10.35.30:964][  0]LogConfig: Setting CVar [[r.LightFunctionQuality:1]]
[2023.04.22-10.35.30:964][  0]LogConfig: Setting CVar [[r.ShadowQuality:5]]
[2023.04.22-10.35.30:964][  0]LogConfig: Setting CVar [[r.Shadow.CSM.MaxCascades:10]]
[2023.04.22-10.35.30:964][  0]LogConfig: Setting CVar [[r.Shadow.MaxResolution:2048]]
[2023.04.22-10.35.30:964][  0]LogConfig: Setting CVar [[r.Shadow.MaxCSMResolution:2048]]
[2023.04.22-10.35.30:964][  0]LogConfig: Setting CVar [[r.Shadow.RadiusThreshold:0.01]]
[2023.04.22-10.35.30:964][  0]LogConfig: Setting CVar [[r.Shadow.DistanceScale:1.0]]
[2023.04.22-10.35.30:964][  0]LogConfig: Setting CVar [[r.Shadow.CSM.TransitionScale:1.0]]
[2023.04.22-10.35.30:964][  0]LogConfig: Setting CVar [[r.Shadow.PreShadowResolutionFactor:1.0]]
[2023.04.22-10.35.30:964][  0]LogConfig: Setting CVar [[r.DistanceFieldShadowing:1]]
[2023.04.22-10.35.30:964][  0]LogConfig: Setting CVar [[r.DistanceFieldAO:1]]
[2023.04.22-10.35.30:964][  0]LogConfig: Setting CVar [[r.AOQuality:2]]
[2023.04.22-10.35.30:964][  0]LogConfig: Setting CVar [[r.VolumetricFog:1]]
[2023.04.22-10.35.30:964][  0]LogConfig: Setting CVar [[r.VolumetricFog.GridPixelSize:8]]
[2023.04.22-10.35.30:964][  0]LogConfig: Setting CVar [[r.VolumetricFog.GridSizeZ:128]]
[2023.04.22-10.35.30:964][  0]LogConfig: Setting CVar [[r.VolumetricFog.HistoryMissSupersampleCount:4]]
[2023.04.22-10.35.30:964][  0]LogConfig: Setting CVar [[r.LightMaxDrawDistanceScale:1]]
[2023.04.22-10.35.30:965][  0]LogConfig: Setting CVar [[r.CapsuleShadows:1]]
[2023.04.22-10.35.30:965][  0]LogConfig: Applying CVar settings from Section [PostProcessQuality@3] File [C:/Users/zefan/OneDrive/Documents/GitHub/IMAT2104Assignment/IMAT2104Assignment/Saved/Config/Windows/Scalability.ini]
[2023.04.22-10.35.30:965][  0]LogConfig: Setting CVar [[r.MotionBlurQuality:4]]
[2023.04.22-10.35.30:965][  0]LogConfig: Setting CVar [[r.AmbientOcclusionMipLevelFactor:0.4]]
[2023.04.22-10.35.30:965][  0]LogConfig: Setting CVar [[r.AmbientOcclusionMaxQuality:100]]
[2023.04.22-10.35.30:965][  0]LogConfig: Setting CVar [[r.AmbientOcclusionLevels:-1]]
[2023.04.22-10.35.30:965][  0]LogConfig: Setting CVar [[r.AmbientOcclusionRadiusScale:1.0]]
[2023.04.22-10.35.30:965][  0]LogConfig: Setting CVar [[r.DepthOfFieldQuality:2]]
[2023.04.22-10.35.30:965][  0]LogConfig: Setting CVar [[r.RenderTargetPoolMin:400]]
[2023.04.22-10.35.30:965][  0]LogConfig: Setting CVar [[r.LensFlareQuality:2]]
[2023.04.22-10.35.30:965][  0]LogConfig: Setting CVar [[r.SceneColorFringeQuality:1]]
[2023.04.22-10.35.30:965][  0]LogConfig: Setting CVar [[r.EyeAdaptationQuality:2]]
[2023.04.22-10.35.30:965][  0]LogConfig: Setting CVar [[r.BloomQuality:5]]
[2023.04.22-10.35.30:965][  0]LogConfig: Setting CVar [[r.FastBlurThreshold:100]]
[2023.04.22-10.35.30:965][  0]LogConfig: Setting CVar [[r.Upscale.Quality:3]]
[2023.04.22-10.35.30:965][  0]LogConfig: Setting CVar [[r.Tonemapper.GrainQuantization:1]]
[2023.04.22-10.35.30:965][  0]LogConfig: Setting CVar [[r.LightShaftQuality:1]]
[2023.04.22-10.35.30:965][  0]LogConfig: Setting CVar [[r.Filter.SizeScale:1]]
[2023.04.22-10.35.30:965][  0]LogConfig: Setting CVar [[r.Tonemapper.Quality:5]]
[2023.04.22-10.35.30:965][  0]LogConfig: Setting CVar [[r.DOF.Gather.AccumulatorQuality:1        ; higher gathering accumulator quality]]
[2023.04.22-10.35.30:965][  0]LogConfig: Setting CVar [[r.DOF.Gather.PostfilterMethod:1          ; Median3x3 postfilering method]]
[2023.04.22-10.35.30:965][  0]LogConfig: Setting CVar [[r.DOF.Gather.EnableBokehSettings:0       ; no bokeh simulation when gathering]]
[2023.04.22-10.35.30:965][  0]LogConfig: Setting CVar [[r.DOF.Gather.RingCount:4                 ; medium number of samples when gathering]]
[2023.04.22-10.35.30:965][  0]LogConfig: Setting CVar [[r.DOF.Scatter.ForegroundCompositing:1    ; additive foreground scattering]]
[2023.04.22-10.35.30:965][  0]LogConfig: Setting CVar [[r.DOF.Scatter.BackgroundCompositing:2    ; additive background scattering]]
[2023.04.22-10.35.30:965][  0]LogConfig: Setting CVar [[r.DOF.Scatter.EnableBokehSettings:1      ; bokeh simulation when scattering]]
[2023.04.22-10.35.30:965][  0]LogConfig: Setting CVar [[r.DOF.Scatter.MaxSpriteRatio:0.1         ; only a maximum of 10% of scattered bokeh]]
[2023.04.22-10.35.30:965][  0]LogConfig: Setting CVar [[r.DOF.Recombine.Quality:1                ; cheap slight out of focus]]
[2023.04.22-10.35.30:965][  0]LogConfig: Setting CVar [[r.DOF.Recombine.EnableBokehSettings:0    ; no bokeh simulation on slight out of focus]]
[2023.04.22-10.35.30:965][  0]LogConfig: Setting CVar [[r.DOF.TemporalAAQuality:1                ; more stable temporal accumulation]]
[2023.04.22-10.35.30:965][  0]LogConfig: Setting CVar [[r.DOF.Kernel.MaxForegroundRadius:0.025]]
[2023.04.22-10.35.30:965][  0]LogConfig: Setting CVar [[r.DOF.Kernel.MaxBackgroundRadius:0.025]]
[2023.04.22-10.35.30:965][  0]LogConfig: Applying CVar settings from Section [TextureQuality@3] File [C:/Users/zefan/OneDrive/Documents/GitHub/IMAT2104Assignment/IMAT2104Assignment/Saved/Config/Windows/Scalability.ini]
[2023.04.22-10.35.30:965][  0]LogConfig: Setting CVar [[r.Streaming.MipBias:0]]
[2023.04.22-10.35.30:965][  0]LogConfig: Setting CVar [[r.Streaming.AmortizeCPUToGPUCopy:0]]
[2023.04.22-10.35.30:965][  0]LogConfig: Setting CVar [[r.Streaming.MaxNumTexturesToStreamPerFrame:0]]
[2023.04.22-10.35.30:965][  0]LogConfig: Setting CVar [[r.Streaming.Boost:1]]
[2023.04.22-10.35.30:965][  0]LogConfig: Setting CVar [[r.MaxAnisotropy:8]]
[2023.04.22-10.35.30:965][  0]LogConfig: Setting CVar [[r.VT.MaxAnisotropy:8]]
[2023.04.22-10.35.30:965][  0]LogConfig: Setting CVar [[r.Streaming.LimitPoolSizeToVRAM:0]]
[2023.04.22-10.35.30:965][  0]LogConfig: Setting CVar [[r.Streaming.PoolSize:1000]]
[2023.04.22-10.35.30:965][  0]LogConfig: Setting CVar [[r.Streaming.MaxEffectiveScreenSize:0]]
[2023.04.22-10.35.30:965][  0]LogConfig: Applying CVar settings from Section [EffectsQuality@3] File [C:/Users/zefan/OneDrive/Documents/GitHub/IMAT2104Assignment/IMAT2104Assignment/Saved/Config/Windows/Scalability.ini]
[2023.04.22-10.35.30:965][  0]LogConfig: Setting CVar [[r.TranslucencyLightingVolumeDim:64]]
[2023.04.22-10.35.30:965][  0]LogConfig: Setting CVar [[r.RefractionQuality:2]]
[2023.04.22-10.35.30:965][  0]LogConfig: Setting CVar [[r.SSR.Quality:3]]
[2023.04.22-10.35.30:965][  0]LogConfig: Setting CVar [[r.SSR.HalfResSceneColor:0]]
[2023.04.22-10.35.30:965][  0]LogConfig: Setting CVar [[r.SceneColorFormat:4]]
[2023.04.22-10.35.30:965][  0]LogConfig: Setting CVar [[r.DetailMode:2]]
[2023.04.22-10.35.30:965][  0]LogConfig: Setting CVar [[r.TranslucencyVolumeBlur:1]]
[2023.04.22-10.35.30:965][  0]LogConfig: Setting CVar [[r.MaterialQualityLevel:1 ; High quality]]
[2023.04.22-10.35.30:965][  0]LogConfig: Setting CVar [[r.AnisotropicMaterials:1]]
[2023.04.22-10.35.30:965][  0]LogConfig: Setting CVar [[r.SSS.Scale:1]]
[2023.04.22-10.35.30:965][  0]LogConfig: Setting CVar [[r.SSS.SampleSet:2]]
[2023.04.22-10.35.30:965][  0]LogConfig: Setting CVar [[r.SSS.Quality:1]]
[2023.04.22-10.35.30:965][  0]LogConfig: Setting CVar [[r.SSS.HalfRes:0]]
[2023.04.22-10.35.30:965][  0]LogConfig: Setting CVar [[r.SSGI.Quality:3]]
[2023.04.22-10.35.30:965][  0]LogConfig: Setting CVar [[r.EmitterSpawnRateScale:1.0]]
[2023.04.22-10.35.30:965][  0]LogConfig: Setting CVar [[r.ParticleLightQuality:2]]
[2023.04.22-10.35.30:965][  0]LogConfig: Setting CVar [[r.SkyAtmosphere.AerialPerspectiveLUT.FastApplyOnOpaque:1 ; Always have FastSkyLUT 1 in this case to avoid wrong sky]]
[2023.04.22-10.35.30:965][  0]LogConfig: Setting CVar [[r.SkyAtmosphere.AerialPerspectiveLUT.SampleCountMaxPerSlice:4]]
[2023.04.22-10.35.30:965][  0]LogConfig: Setting CVar [[r.SkyAtmosphere.AerialPerspectiveLUT.DepthResolution:16.0]]
[2023.04.22-10.35.30:965][  0]LogConfig: Setting CVar [[r.SkyAtmosphere.FastSkyLUT:1]]
[2023.04.22-10.35.30:965][  0]LogConfig: Setting CVar [[r.SkyAtmosphere.FastSkyLUT.SampleCountMin:4.0]]
[2023.04.22-10.35.30:965][  0]LogConfig: Setting CVar [[r.SkyAtmosphere.FastSkyLUT.SampleCountMax:128.0]]
[2023.04.22-10.35.30:965][  0]LogConfig: Setting CVar [[r.SkyAtmosphere.SampleCountMin:4.0]]
[2023.04.22-10.35.30:965][  0]LogConfig: Setting CVar [[r.SkyAtmosphere.SampleCountMax:128.0]]
[2023.04.22-10.35.30:965][  0]LogConfig: Setting CVar [[r.SkyAtmosphere.TransmittanceLUT.UseSmallFormat:0]]
[2023.04.22-10.35.30:965][  0]LogConfig: Setting CVar [[r.SkyAtmosphere.TransmittanceLUT.SampleCount:10.0]]
[2023.04.22-10.35.30:965][  0]LogConfig: Setting CVar [[r.SkyAtmosphere.MultiScatteringLUT.SampleCount:15.0]]
[2023.04.22-10.35.30:965][  0]LogConfig: Setting CVar [[r.SkyLight.RealTimeReflectionCapture:1]]
[2023.04.22-10.35.30:965][  0]LogConfig: Applying CVar settings from Section [FoliageQuality@3] File [C:/Users/zefan/OneDrive/Documents/GitHub/IMAT2104Assignment/IMAT2104Assignment/Saved/Config/Windows/Scalability.ini]
[2023.04.22-10.35.30:965][  0]LogConfig: Setting CVar [[foliage.DensityScale:1.0]]
[2023.04.22-10.35.30:965][  0]LogConfig: Setting CVar [[grass.DensityScale:1.0]]
[2023.04.22-10.35.30:965][  0]LogConfig: Applying CVar settings from Section [ShadingQuality@3] File [C:/Users/zefan/OneDrive/Documents/GitHub/IMAT2104Assignment/IMAT2104Assignment/Saved/Config/Windows/Scalability.ini]
[2023.04.22-10.35.30:965][  0]LogConfig: Setting CVar [[r.HairStrands.SkyLighting.IntegrationType:2]]
[2023.04.22-10.35.30:965][  0]LogConfig: Setting CVar [[r.HairStrands.SkyAO.SampleCount:4]]
[2023.04.22-10.35.30:965][  0]LogConfig: Setting CVar [[r.HairStrands.Visibility.MSAA.SamplePerPixel:4]]
[2023.04.22-10.35.30:965][  0]LogInit: Selected Device Profile: [Windows]
[2023.04.22-10.35.30:965][  0]LogInit: Applying CVar settings loaded from the selected device profile: [Windows]
[2023.04.22-10.35.30:966][  0]LogHAL: Display: Platform has ~ 16 GB [17114378240 / 17179869184 / 16], which maps to Larger [LargestMinGB=32, LargerMinGB=12, DefaultMinGB=8, SmallerMinGB=6, SmallestMinGB=0)
[2023.04.22-10.35.30:966][  0]LogInit: Going up to parent DeviceProfile []
[2023.04.22-10.35.30:966][  0]LogConfig: Applying CVar settings from Section [ViewDistanceQuality@3] File [C:/Users/zefan/OneDrive/Documents/GitHub/IMAT2104Assignment/IMAT2104Assignment/Saved/Config/Windows/Scalability.ini]
[2023.04.22-10.35.30:966][  0]LogConfig: Setting CVar [[r.SkeletalMeshLODBias:0]]
[2023.04.22-10.35.30:966][  0]LogConfig: Setting CVar [[r.ViewDistanceScale:1.0]]
[2023.04.22-10.35.30:966][  0]LogConfig: Applying CVar settings from Section [AntiAliasingQuality@3] File [C:/Users/zefan/OneDrive/Documents/GitHub/IMAT2104Assignment/IMAT2104Assignment/Saved/Config/Windows/Scalability.ini]
[2023.04.22-10.35.30:966][  0]LogConfig: Setting CVar [[r.PostProcessAAQuality:4]]
[2023.04.22-10.35.30:966][  0]LogConfig: Applying CVar settings from Section [ShadowQuality@3] File [C:/Users/zefan/OneDrive/Documents/GitHub/IMAT2104Assignment/IMAT2104Assignment/Saved/Config/Windows/Scalability.ini]
[2023.04.22-10.35.30:966][  0]LogConfig: Setting CVar [[r.LightFunctionQuality:1]]
[2023.04.22-10.35.30:966][  0]LogConfig: Setting CVar [[r.ShadowQuality:5]]
[2023.04.22-10.35.30:966][  0]LogConfig: Setting CVar [[r.Shadow.CSM.MaxCascades:10]]
[2023.04.22-10.35.30:966][  0]LogConfig: Setting CVar [[r.Shadow.MaxResolution:2048]]
[2023.04.22-10.35.30:966][  0]LogConfig: Setting CVar [[r.Shadow.MaxCSMResolution:2048]]
[2023.04.22-10.35.30:966][  0]LogConfig: Setting CVar [[r.Shadow.RadiusThreshold:0.01]]
[2023.04.22-10.35.30:966][  0]LogConfig: Setting CVar [[r.Shadow.DistanceScale:1.0]]
[2023.04.22-10.35.30:966][  0]LogConfig: Setting CVar [[r.Shadow.CSM.TransitionScale:1.0]]
[2023.04.22-10.35.30:966][  0]LogConfig: Setting CVar [[r.Shadow.PreShadowResolutionFactor:1.0]]
[2023.04.22-10.35.30:966][  0]LogConfig: Setting CVar [[r.DistanceFieldShadowing:1]]
[2023.04.22-10.35.30:966][  0]LogConfig: Setting CVar [[r.DistanceFieldAO:1]]
[2023.04.22-10.35.30:966][  0]LogConfig: Setting CVar [[r.AOQuality:2]]
[2023.04.22-10.35.30:966][  0]LogConfig: Setting CVar [[r.VolumetricFog:1]]
[2023.04.22-10.35.30:966][  0]LogConfig: Setting CVar [[r.VolumetricFog.GridPixelSize:8]]
[2023.04.22-10.35.30:966][  0]LogConfig: Setting CVar [[r.VolumetricFog.GridSizeZ:128]]
[2023.04.22-10.35.30:966][  0]LogConfig: Setting CVar [[r.VolumetricFog.HistoryMissSupersampleCount:4]]
[2023.04.22-10.35.30:966][  0]LogConfig: Setting CVar [[r.LightMaxDrawDistanceScale:1]]
[2023.04.22-10.35.30:966][  0]LogConfig: Setting CVar [[r.CapsuleShadows:1]]
[2023.04.22-10.35.30:966][  0]LogConfig: Applying CVar settings from Section [PostProcessQuality@3] File [C:/Users/zefan/OneDrive/Documents/GitHub/IMAT2104Assignment/IMAT2104Assignment/Saved/Config/Windows/Scalability.ini]
[2023.04.22-10.35.30:966][  0]LogConfig: Setting CVar [[r.MotionBlurQuality:4]]
[2023.04.22-10.35.30:966][  0]LogConfig: Setting CVar [[r.AmbientOcclusionMipLevelFactor:0.4]]
[2023.04.22-10.35.30:966][  0]LogConfig: Setting CVar [[r.AmbientOcclusionMaxQuality:100]]
[2023.04.22-10.35.30:966][  0]LogConfig: Setting CVar [[r.AmbientOcclusionLevels:-1]]
[2023.04.22-10.35.30:966][  0]LogConfig: Setting CVar [[r.AmbientOcclusionRadiusScale:1.0]]
[2023.04.22-10.35.30:966][  0]LogConfig: Setting CVar [[r.DepthOfFieldQuality:2]]
[2023.04.22-10.35.30:966][  0]LogConfig: Setting CVar [[r.RenderTargetPoolMin:400]]
[2023.04.22-10.35.30:966][  0]LogConfig: Setting CVar [[r.LensFlareQuality:2]]
[2023.04.22-10.35.30:966][  0]LogConfig: Setting CVar [[r.SceneColorFringeQuality:1]]
[2023.04.22-10.35.30:966][  0]LogConfig: Setting CVar [[r.EyeAdaptationQuality:2]]
[2023.04.22-10.35.30:966][  0]LogConfig: Setting CVar [[r.BloomQuality:5]]
[2023.04.22-10.35.30:966][  0]LogConfig: Setting CVar [[r.FastBlurThreshold:100]]
[2023.04.22-10.35.30:966][  0]LogConfig: Setting CVar [[r.Upscale.Quality:3]]
[2023.04.22-10.35.30:966][  0]LogConfig: Setting CVar [[r.Tonemapper.GrainQuantization:1]]
[2023.04.22-10.35.30:966][  0]LogConfig: Setting CVar [[r.LightShaftQuality:1]]
[2023.04.22-10.35.30:966][  0]LogConfig: Setting CVar [[r.Filter.SizeScale:1]]
[2023.04.22-10.35.30:966][  0]LogConfig: Setting CVar [[r.Tonemapper.Quality:5]]
[2023.04.22-10.35.30:966][  0]LogConfig: Setting CVar [[r.DOF.Gather.AccumulatorQuality:1        ; higher gathering accumulator quality]]
[2023.04.22-10.35.30:966][  0]LogConfig: Setting CVar [[r.DOF.Gather.PostfilterMethod:1          ; Median3x3 postfilering method]]
[2023.04.22-10.35.30:966][  0]LogConfig: Setting CVar [[r.DOF.Gather.EnableBokehSettings:0       ; no bokeh simulation when gathering]]
[2023.04.22-10.35.30:966][  0]LogConfig: Setting CVar [[r.DOF.Gather.RingCount:4                 ; medium number of samples when gathering]]
[2023.04.22-10.35.30:966][  0]LogConfig: Setting CVar [[r.DOF.Scatter.ForegroundCompositing:1    ; additive foreground scattering]]
[2023.04.22-10.35.30:966][  0]LogConfig: Setting CVar [[r.DOF.Scatter.BackgroundCompositing:2    ; additive background scattering]]
[2023.04.22-10.35.30:966][  0]LogConfig: Setting CVar [[r.DOF.Scatter.EnableBokehSettings:1      ; bokeh simulation when scattering]]
[2023.04.22-10.35.30:966][  0]LogConfig: Setting CVar [[r.DOF.Scatter.MaxSpriteRatio:0.1         ; only a maximum of 10% of scattered bokeh]]
[2023.04.22-10.35.30:966][  0]LogConfig: Setting CVar [[r.DOF.Recombine.Quality:1                ; cheap slight out of focus]]
[2023.04.22-10.35.30:966][  0]LogConfig: Setting CVar [[r.DOF.Recombine.EnableBokehSettings:0    ; no bokeh simulation on slight out of focus]]
[2023.04.22-10.35.30:966][  0]LogConfig: Setting CVar [[r.DOF.TemporalAAQuality:1                ; more stable temporal accumulation]]
[2023.04.22-10.35.30:966][  0]LogConfig: Setting CVar [[r.DOF.Kernel.MaxForegroundRadius:0.025]]
[2023.04.22-10.35.30:966][  0]LogConfig: Setting CVar [[r.DOF.Kernel.MaxBackgroundRadius:0.025]]
[2023.04.22-10.35.30:966][  0]LogConfig: Applying CVar settings from Section [TextureQuality@3] File [C:/Users/zefan/OneDrive/Documents/GitHub/IMAT2104Assignment/IMAT2104Assignment/Saved/Config/Windows/Scalability.ini]
[2023.04.22-10.35.30:966][  0]LogConfig: Setting CVar [[r.Streaming.MipBias:0]]
[2023.04.22-10.35.30:966][  0]LogConfig: Setting CVar [[r.Streaming.AmortizeCPUToGPUCopy:0]]
[2023.04.22-10.35.30:966][  0]LogConfig: Setting CVar [[r.Streaming.MaxNumTexturesToStreamPerFrame:0]]
[2023.04.22-10.35.30:966][  0]LogConfig: Setting CVar [[r.Streaming.Boost:1]]
[2023.04.22-10.35.30:966][  0]LogConfig: Setting CVar [[r.MaxAnisotropy:8]]
[2023.04.22-10.35.30:966][  0]LogConfig: Setting CVar [[r.VT.MaxAnisotropy:8]]
[2023.04.22-10.35.30:966][  0]LogConfig: Setting CVar [[r.Streaming.LimitPoolSizeToVRAM:0]]
[2023.04.22-10.35.30:966][  0]LogConfig: Setting CVar [[r.Streaming.PoolSize:1000]]
[2023.04.22-10.35.30:966][  0]LogConfig: Setting CVar [[r.Streaming.MaxEffectiveScreenSize:0]]
[2023.04.22-10.35.30:966][  0]LogConfig: Applying CVar settings from Section [EffectsQuality@3] File [C:/Users/zefan/OneDrive/Documents/GitHub/IMAT2104Assignment/IMAT2104Assignment/Saved/Config/Windows/Scalability.ini]
[2023.04.22-10.35.30:966][  0]LogConfig: Setting CVar [[r.TranslucencyLightingVolumeDim:64]]
[2023.04.22-10.35.30:966][  0]LogConfig: Setting CVar [[r.RefractionQuality:2]]
[2023.04.22-10.35.30:966][  0]LogConfig: Setting CVar [[r.SSR.Quality:3]]
[2023.04.22-10.35.30:966][  0]LogConfig: Setting CVar [[r.SSR.HalfResSceneColor:0]]
[2023.04.22-10.35.30:966][  0]LogConfig: Setting CVar [[r.SceneColorFormat:4]]
[2023.04.22-10.35.30:966][  0]LogConfig: Setting CVar [[r.DetailMode:2]]
[2023.04.22-10.35.30:966][  0]LogConfig: Setting CVar [[r.TranslucencyVolumeBlur:1]]
[2023.04.22-10.35.30:966][  0]LogConfig: Setting CVar [[r.MaterialQualityLevel:1 ; High quality]]
[2023.04.22-10.35.30:967][  0]LogConfig: Setting CVar [[r.AnisotropicMaterials:1]]
[2023.04.22-10.35.30:967][  0]LogConfig: Setting CVar [[r.SSS.Scale:1]]
[2023.04.22-10.35.30:967][  0]LogConfig: Setting CVar [[r.SSS.SampleSet:2]]
[2023.04.22-10.35.30:967][  0]LogConfig: Setting CVar [[r.SSS.Quality:1]]
[2023.04.22-10.35.30:967][  0]LogConfig: Setting CVar [[r.SSS.HalfRes:0]]
[2023.04.22-10.35.30:967][  0]LogConfig: Setting CVar [[r.SSGI.Quality:3]]
[2023.04.22-10.35.30:967][  0]LogConfig: Setting CVar [[r.EmitterSpawnRateScale:1.0]]
[2023.04.22-10.35.30:967][  0]LogConfig: Setting CVar [[r.ParticleLightQuality:2]]
[2023.04.22-10.35.30:967][  0]LogConfig: Setting CVar [[r.SkyAtmosphere.AerialPerspectiveLUT.FastApplyOnOpaque:1 ; Always have FastSkyLUT 1 in this case to avoid wrong sky]]
[2023.04.22-10.35.30:967][  0]LogConfig: Setting CVar [[r.SkyAtmosphere.AerialPerspectiveLUT.SampleCountMaxPerSlice:4]]
[2023.04.22-10.35.30:967][  0]LogConfig: Setting CVar [[r.SkyAtmosphere.AerialPerspectiveLUT.DepthResolution:16.0]]
[2023.04.22-10.35.30:967][  0]LogConfig: Setting CVar [[r.SkyAtmosphere.FastSkyLUT:1]]
[2023.04.22-10.35.30:967][  0]LogConfig: Setting CVar [[r.SkyAtmosphere.FastSkyLUT.SampleCountMin:4.0]]
[2023.04.22-10.35.30:967][  0]LogConfig: Setting CVar [[r.SkyAtmosphere.FastSkyLUT.SampleCountMax:128.0]]
[2023.04.22-10.35.30:967][  0]LogConfig: Setting CVar [[r.SkyAtmosphere.SampleCountMin:4.0]]
[2023.04.22-10.35.30:967][  0]LogConfig: Setting CVar [[r.SkyAtmosphere.SampleCountMax:128.0]]
[2023.04.22-10.35.30:967][  0]LogConfig: Setting CVar [[r.SkyAtmosphere.TransmittanceLUT.UseSmallFormat:0]]
[2023.04.22-10.35.30:967][  0]LogConfig: Setting CVar [[r.SkyAtmosphere.TransmittanceLUT.SampleCount:10.0]]
[2023.04.22-10.35.30:967][  0]LogConfig: Setting CVar [[r.SkyAtmosphere.MultiScatteringLUT.SampleCount:15.0]]
[2023.04.22-10.35.30:967][  0]LogConfig: Setting CVar [[r.SkyLight.RealTimeReflectionCapture:1]]
[2023.04.22-10.35.30:967][  0]LogConfig: Applying CVar settings from Section [FoliageQuality@3] File [C:/Users/zefan/OneDrive/Documents/GitHub/IMAT2104Assignment/IMAT2104Assignment/Saved/Config/Windows/Scalability.ini]
[2023.04.22-10.35.30:967][  0]LogConfig: Setting CVar [[foliage.DensityScale:1.0]]
[2023.04.22-10.35.30:967][  0]LogConfig: Setting CVar [[grass.DensityScale:1.0]]
[2023.04.22-10.35.30:967][  0]LogConfig: Applying CVar settings from Section [ShadingQuality@3] File [C:/Users/zefan/OneDrive/Documents/GitHub/IMAT2104Assignment/IMAT2104Assignment/Saved/Config/Windows/Scalability.ini]
[2023.04.22-10.35.30:967][  0]LogConfig: Setting CVar [[r.HairStrands.SkyLighting.IntegrationType:2]]
[2023.04.22-10.35.30:967][  0]LogConfig: Setting CVar [[r.HairStrands.SkyAO.SampleCount:4]]
[2023.04.22-10.35.30:967][  0]LogConfig: Setting CVar [[r.HairStrands.Visibility.MSAA.SamplePerPixel:4]]
[2023.04.22-10.35.30:967][  0]LogConfig: Applying CVar settings from Section [Startup] File [../../../Engine/Config/ConsoleVariables.ini]
[2023.04.22-10.35.30:972][  0]LogConfig: Setting CVar [[net.UseAdaptiveNetUpdateFrequency:0]]
[2023.04.22-10.35.30:972][  0]LogConfig: Setting CVar [[p.chaos.AllowCreatePhysxBodies:1]]
[2023.04.22-10.35.30:973][  0]LogConfig: Setting CVar [[fx.SkipVectorVMBackendOptimizations:1]]
[2023.04.22-10.35.30:973][  0]LogConfig: Applying CVar settings from Section [ConsoleVariables] File [C:/Users/zefan/OneDrive/Documents/GitHub/IMAT2104Assignment/IMAT2104Assignment/Saved/Config/Windows/Engine.ini]
[2023.04.22-10.35.30:973][  0]LogConfig: Applying CVar settings from Section [ConsoleVariables] File [C:/Users/zefan/OneDrive/Documents/GitHub/IMAT2104Assignment/IMAT2104Assignment/Saved/Config/Windows/Editor.ini]
[2023.04.22-10.35.30:973][  0]LogInit: Computer: DESKTOP-L1Q50BK
[2023.04.22-10.35.30:973][  0]LogInit: User: zefan
[2023.04.22-10.35.30:973][  0]LogInit: CPU Page size=4096, Cores=6
[2023.04.22-10.35.30:973][  0]LogInit: High frequency timer resolution =10.000000 MHz
[2023.04.22-10.35.30:973][  0]LogMemory: Memory total: Physical=15.9GB (16GB approx)
[2023.04.22-10.35.30:973][  0]LogMemory: Platform Memory Stats for Windows
[2023.04.22-10.35.30:973][  0]LogMemory: Process Physical Memory: 139.67 MB used, 139.68 MB peak
[2023.04.22-10.35.30:973][  0]LogMemory: Process Virtual Memory: 110.06 MB used, 110.06 MB peak
[2023.04.22-10.35.30:973][  0]LogMemory: Physical Memory: 7829.28 MB used,  8492.27 MB free, 16321.54 MB total
[2023.04.22-10.35.30:973][  0]LogMemory: Virtual Memory: 134163672.00 MB used,  54053.67 MB free, 134217728.00 MB total
[2023.04.22-10.35.30:982][  0]LogWindows: WindowsPlatformFeatures enabled
[2023.04.22-10.35.31:028][  0]LogInit: Physics initialised using underlying interface: PhysX
[2023.04.22-10.35.31:029][  0]LogInit: Using OS detected language (en-GB).
[2023.04.22-10.35.31:029][  0]LogInit: Using OS detected locale (en-GB).
[2023.04.22-10.35.31:035][  0]LogTextLocalizationManager: No specific localization for 'en-GB' exists, so the 'en' localization will be used.
[2023.04.22-10.35.31:289][  0]LogInit: Setting process to per monitor DPI aware
[2023.04.22-10.35.31:453][  0]LogWindowsTextInputMethodSystem: Display: IME system deactivated.
[2023.04.22-10.35.31:492][  0]LogSlate: New Slate User Created.  User Index 0, Is Virtual User: 0
[2023.04.22-10.35.31:492][  0]LogSlate: Slate User Registered.  User Index 0, Is Virtual User: 0
[2023.04.22-10.35.33:845][  0]LogD3D11RHI: Loaded GFSDK_Aftermath_Lib.x64.dll
[2023.04.22-10.35.33:848][  0]LogHMD: Failed to initialize OpenVR with code 110
[2023.04.22-10.35.33:848][  0]LogD3D11RHI: D3D11 min allowed feature level: 11_0
[2023.04.22-10.35.33:848][  0]LogD3D11RHI: D3D11 max allowed feature level: 11_0
[2023.04.22-10.35.33:848][  0]LogD3D11RHI: D3D11 adapters:
[2023.04.22-10.35.33:953][  0]LogD3D11RHI:    0. 'NVIDIA GeForce GTX 1060 6GB' (Feature Level 11_0)
[2023.04.22-10.35.33:953][  0]LogD3D11RHI:       6052/0/8160 MB DedicatedVideo/DedicatedSystem/SharedSystem, Outputs:1, VendorId:0x10de
[2023.04.22-10.35.33:956][  0]LogD3D11RHI:    1. 'Microsoft Basic Render Driver' (Feature Level 11_0)
[2023.04.22-10.35.33:956][  0]LogD3D11RHI:       0/0/8160 MB DedicatedVideo/DedicatedSystem/SharedSystem, Outputs:0, VendorId:0x1414
[2023.04.22-10.35.33:956][  0]LogD3D11RHI: Chosen D3D11 Adapter:
[2023.04.22-10.35.33:956][  0]LogD3D11RHI:     Description : NVIDIA GeForce GTX 1060 6GB
[2023.04.22-10.35.33:956][  0]LogD3D11RHI:     VendorId    : 10de
[2023.04.22-10.35.33:956][  0]LogD3D11RHI:     DeviceId    : 1c03
[2023.04.22-10.35.33:956][  0]LogD3D11RHI:     SubSysId    : 143819da
[2023.04.22-10.35.33:956][  0]LogD3D11RHI:     Revision    : 00a1
[2023.04.22-10.35.33:956][  0]LogD3D11RHI:     DedicatedVideoMemory : 6345981952 bytes
[2023.04.22-10.35.33:956][  0]LogD3D11RHI:     DedicatedSystemMemory : 0 bytes
[2023.04.22-10.35.33:956][  0]LogD3D11RHI:     SharedSystemMemory : 8557189120 bytes
[2023.04.22-10.35.33:956][  0]LogD3D11RHI:     AdapterLuid : 0 60570
[2023.04.22-10.35.33:962][  0]LogD3D11RHI: Creating new Direct3DDevice
[2023.04.22-10.35.33:962][  0]LogD3D11RHI:     GPU DeviceId: 0x1c03 (for the marketing name, search the web for "GPU Device Id")
[2023.04.22-10.35.33:962][  0]LogWindows: EnumDisplayDevices:
[2023.04.22-10.35.33:962][  0]LogWindows:    0. 'NVIDIA GeForce GTX 1060 6GB' (P:1 D:1)
[2023.04.22-10.35.33:963][  0]LogWindows:    1. 'NVIDIA GeForce GTX 1060 6GB' (P:0 D:0)
[2023.04.22-10.35.33:963][  0]LogWindows:    2. 'NVIDIA GeForce GTX 1060 6GB' (P:0 D:0)
[2023.04.22-10.35.33:963][  0]LogWindows:    3. 'NVIDIA GeForce GTX 1060 6GB' (P:0 D:0)
[2023.04.22-10.35.33:963][  0]LogWindows: DebugString: FoundDriverCount:4 
[2023.04.22-10.35.33:963][  0]LogD3D11RHI:     Adapter Name: NVIDIA GeForce GTX 1060 6GB
[2023.04.22-10.35.33:963][  0]LogD3D11RHI:   Driver Version: 516.94 (internal:31.0.15.1694, unified:516.94)
[2023.04.22-10.35.33:963][  0]LogD3D11RHI:      Driver Date: 7-21-2022
[2023.04.22-10.35.33:963][  0]LogRHI: Texture pool is 4236 MB (70% of 6052 MB)
[2023.04.22-10.35.33:963][  0]LogD3D11RHI: Creating D3DDevice using adapter:
[2023.04.22-10.35.33:963][  0]LogD3D11RHI:     Description : NVIDIA GeForce GTX 1060 6GB
[2023.04.22-10.35.33:963][  0]LogD3D11RHI:     VendorId    : 10de
[2023.04.22-10.35.33:963][  0]LogD3D11RHI:     DeviceId    : 1c03
[2023.04.22-10.35.33:963][  0]LogD3D11RHI:     SubSysId    : 143819da
[2023.04.22-10.35.33:963][  0]LogD3D11RHI:     Revision    : 00a1
[2023.04.22-10.35.33:963][  0]LogD3D11RHI:     DedicatedVideoMemory : 6345981952 bytes
[2023.04.22-10.35.33:963][  0]LogD3D11RHI:     DedicatedSystemMemory : 0 bytes
[2023.04.22-10.35.33:963][  0]LogD3D11RHI:     SharedSystemMemory : 8557189120 bytes
[2023.04.22-10.35.33:963][  0]LogD3D11RHI:     AdapterLuid : 0 60570
[2023.04.22-10.35.34:018][  0]LogD3D11RHI: RHI has support for 64 bit atomics
[2023.04.22-10.35.34:018][  0]LogD3D11RHI: Async texture creation enabled
[2023.04.22-10.35.34:018][  0]LogD3D11RHI: Array index from any shader is supported
[2023.04.22-10.35.34:033][  0]LogD3D11RHI: GPU Timing Frequency: 1000.000000 (Debug: 2 1)
[2023.04.22-10.35.34:097][  0]LogRHI: GeForceNow SDK initialized: 1
[2023.04.22-10.35.35:099][  0]LogTargetPlatformManager: Display: Loaded TargetPlatform 'AllDesktop'
[2023.04.22-10.35.35:118][  0]LogTargetPlatformManager: Display: Loaded TargetPlatform 'Android'
[2023.04.22-10.35.35:118][  0]LogTargetPlatformManager: Display: Loaded TargetPlatform 'Android_ASTC'
[2023.04.22-10.35.35:118][  0]LogTargetPlatformManager: Display: Loaded TargetPlatform 'Android_DXT'
[2023.04.22-10.35.35:118][  0]LogTargetPlatformManager: Display: Loaded TargetPlatform 'Android_ETC2'
[2023.04.22-10.35.35:118][  0]LogTargetPlatformManager: Display: Loaded TargetPlatform 'AndroidClient'
[2023.04.22-10.35.35:118][  0]LogTargetPlatformManager: Display: Loaded TargetPlatform 'Android_ASTCClient'
[2023.04.22-10.35.35:118][  0]LogTargetPlatformManager: Display: Loaded TargetPlatform 'Android_DXTClient'
[2023.04.22-10.35.35:118][  0]LogTargetPlatformManager: Display: Loaded TargetPlatform 'Android_ETC2Client'
[2023.04.22-10.35.35:118][  0]LogTargetPlatformManager: Display: Loaded TargetPlatform 'Android_Multi'
[2023.04.22-10.35.35:118][  0]LogTargetPlatformManager: Display: Loaded TargetPlatform 'Android_MultiClient'
[2023.04.22-10.35.35:134][  0]LogTargetPlatformManager: Display: Loaded TargetPlatform 'IOSClient'
[2023.04.22-10.35.35:135][  0]LogTargetPlatformManager: Display: Loaded TargetPlatform 'IOS'
[2023.04.22-10.35.35:152][  0]LogTargetPlatformManager: Display: Loaded TargetPlatform 'Linux'
[2023.04.22-10.35.35:156][  0]LogTargetPlatformManager: Display: Loaded TargetPlatform 'LinuxNoEditor'
[2023.04.22-10.35.35:160][  0]LogTargetPlatformManager: Display: Loaded TargetPlatform 'LinuxClient'
[2023.04.22-10.35.35:164][  0]LogTargetPlatformManager: Display: Loaded TargetPlatform 'LinuxServer'
[2023.04.22-10.35.35:178][  0]LogTargetPlatformManager: Display: Loaded TargetPlatform 'LinuxAArch64NoEditor'
[2023.04.22-10.35.35:182][  0]LogTargetPlatformManager: Display: Loaded TargetPlatform 'LinuxAArch64Client'
[2023.04.22-10.35.35:186][  0]LogTargetPlatformManager: Display: Loaded TargetPlatform 'LinuxAArch64Server'
[2023.04.22-10.35.35:213][  0]LogTargetPlatformManager: Display: Loaded TargetPlatform 'Lumin'
[2023.04.22-10.35.35:213][  0]LogTargetPlatformManager: Display: Loaded TargetPlatform 'LuminClient'
[2023.04.22-10.35.35:230][  0]LogTargetPlatformManager: Display: Loaded TargetPlatform 'MacNoEditor'
[2023.04.22-10.35.35:234][  0]LogTargetPlatformManager: Display: Loaded TargetPlatform 'Mac'
[2023.04.22-10.35.35:239][  0]LogTargetPlatformManager: Display: Loaded TargetPlatform 'MacClient'
[2023.04.22-10.35.35:243][  0]LogTargetPlatformManager: Display: Loaded TargetPlatform 'MacServer'
[2023.04.22-10.35.35:253][  0]LogTargetPlatformManager: Display: Loaded TargetPlatform 'TVOSClient'
[2023.04.22-10.35.35:253][  0]LogTargetPlatformManager: Display: Loaded TargetPlatform 'TVOS'
[2023.04.22-10.35.35:262][  0]LogTargetPlatformManager: Display: Loaded TargetPlatform 'WindowsNoEditor'
[2023.04.22-10.35.35:266][  0]LogTargetPlatformManager: Display: Loaded TargetPlatform 'Windows'
[2023.04.22-10.35.35:270][  0]LogTargetPlatformManager: Display: Loaded TargetPlatform 'WindowsClient'
[2023.04.22-10.35.35:274][  0]LogTargetPlatformManager: Display: Loaded TargetPlatform 'WindowsServer'
[2023.04.22-10.35.35:274][  0]LogTargetPlatformManager: Display: Building Assets For Windows
[2023.04.22-10.35.35:282][  0]LogAudioDebug: Display: Lib vorbis DLL was dynamically loaded.
[2023.04.22-10.35.35:314][  0]LogTextureFormatOodle: Display: Oodle Texture 2.9.0 init RDO Off
[2023.04.22-10.35.35:345][  0]LogRendererCore: Ray tracing is disabled. Reason: r.RayTracing=0.
[2023.04.22-10.35.35:345][  0]LogShaderCompilers: Guid format shader working directory is -48 characters bigger than the processId version (../../../../../../Users/zefan/OneDrive/Documents/GitHub/IMAT2104Assignment/IMAT2104Assignment/Intermediate/Shaders/WorkingDirectory/23788/).
[2023.04.22-10.35.35:346][  0]LogShaderCompilers: Cleaned the shader compiler working directory 'C:/Users/zefan/AppData/Local/Temp/UnrealShaderWorkingDir/C02A580741C59321815E9DB407CA01AA/'.
[2023.04.22-10.35.35:346][  0]LogXGEController: Cannot use XGE Controller as Incredibuild is not installed on this machine.
[2023.04.22-10.35.35:346][  0]LogShaderCompilers: Cannot use XGE Shader Compiler as Incredibuild is not installed on this machine.
[2023.04.22-10.35.35:346][  0]LogShaderCompilers: Display: Using Local Shader Compiler.
[2023.04.22-10.35.38:395][  0]LogDerivedDataCache: Display: Max Cache Size: 512 MB
[2023.04.22-10.35.38:454][  0]LogDerivedDataCache: Loaded boot cache 0.06s 96MB C:/Users/zefan/AppData/Local/UnrealEngine/4.27/DerivedDataCache/Boot.ddc.
[2023.04.22-10.35.38:454][  0]LogDerivedDataCache: Display: Loaded Boot cache: C:/Users/zefan/AppData/Local/UnrealEngine/4.27/DerivedDataCache/Boot.ddc
[2023.04.22-10.35.38:454][  0]LogDerivedDataCache: FDerivedDataBackendGraph:  Pak pak cache file ../../../../../../Users/zefan/OneDrive/Documents/GitHub/IMAT2104Assignment/IMAT2104Assignment/DerivedDataCache/DDC.ddp not found, will not use a pak cache.
[2023.04.22-10.35.38:454][  0]LogDerivedDataCache: Unable to find inner node Pak for hierarchical cache Hierarchy.
[2023.04.22-10.35.38:454][  0]LogDerivedDataCache: FDerivedDataBackendGraph:  CompressedPak pak cache file ../../../../../../Users/zefan/OneDrive/Documents/GitHub/IMAT2104Assignment/IMAT2104Assignment/DerivedDataCache/Compressed.ddp not found, will not use a pak cache.
[2023.04.22-10.35.38:454][  0]LogDerivedDataCache: Unable to find inner node CompressedPak for hierarchical cache Hierarchy.
[2023.04.22-10.35.38:875][  0]LogDerivedDataCache: Display: Pak cache opened for reading ../../../Engine/DerivedDataCache/Compressed.ddp.
[2023.04.22-10.35.38:875][  0]LogDerivedDataCache: FDerivedDataBackendGraph:  EnterprisePak pak cache file ../../../Enterprise/DerivedDataCache/Compressed.ddp not found, will not use a pak cache.
[2023.04.22-10.35.38:875][  0]LogDerivedDataCache: Unable to find inner node EnterprisePak for hierarchical cache Hierarchy.
[2023.04.22-10.35.39:546][  0]LogDerivedDataCache: Speed tests for C:/Users/zefan/AppData/Local/UnrealEngine/Common/DerivedDataCache took 0.67 seconds
[2023.04.22-10.35.39:546][  0]LogDerivedDataCache: Display: Performance to C:/Users/zefan/AppData/Local/UnrealEngine/Common/DerivedDataCache: Latency=0.05ms. RandomReadSpeed=25.76MBs, RandomWriteSpeed=1.47MBs. Assigned SpeedClass 'Local'
[2023.04.22-10.35.39:546][  0]LogDerivedDataCache: Using Local data cache path C:/Users/zefan/AppData/Local/UnrealEngine/Common/DerivedDataCache: Writable
[2023.04.22-10.35.39:546][  0]LogDerivedDataCache: Shared data cache path not found in *engine.ini, will not use an Shared cache.
[2023.04.22-10.35.39:546][  0]LogDerivedDataCache: Unable to find inner node Shared for hierarchical cache Hierarchy.
[2023.04.22-10.35.39:590][  0]LogSlate: Using FreeType 2.10.0
[2023.04.22-10.35.39:601][  0]LogSlate: SlateFontServices - WITH_FREETYPE: 1, WITH_HARFBUZZ: 1
[2023.04.22-10.35.39:675][  0]LogAssetRegistry: FAssetRegistry took 0.0023 seconds to start up
[2023.04.22-10.35.40:104][  0]LogInit: Selected Device Profile: [Windows]
[2023.04.22-10.35.40:104][  0]LogInit: Active device profile: [00000159616CD300][00000159590E5480 49] Windows
[2023.04.22-10.35.40:104][  0]LogInit: Profiles: [00000159616CD300][00000159590E5480 49] Windows, [00000159616B6600][00000159590ED740 49] WindowsNoEditor, [00000159616CE500][00000159590F1A00 49] WindowsServer, [00000159616B7400][0000015961442140 49] WindowsClient, [00000159616CF200][0000015961446400 49] IOS, [00000159616B7E00][000001596144A6C0 49] iPadAir, [00000159616CE900][000001596144E980 49] iPadAir2, [0000015961661C00][000001596145EE80 49] IPadPro, [0000015961661D00][0000015961452EC0 49] iPadAir3, [00000159616B7A00][00000159590E9140 49] iPadAir4, [0000015961662C00][0000015961457400 49] iPadMini2, [00000159616B5500][00000159614636C0 49] iPadMini3, [0000015961660B00][0000015961467980 49] iPadMini4, [00000159616B6A00][000001596146A0C0 49] iPadMini5, [0000015961671300][000001596147E600 49] iPhone6, [0000015961671400][000001596146E640 49] iPodTouch6, [00000159616CD600][0000015961486B80 49] iPhone7, [00000159616CEB00][0000015961476BC0 49] iPodTouch7, [0000015961663B00][000001596147AE80 49] iPhone5S, [00000159616CD800][000001596145B100 49] iPhone6Plus, [0000015961663000][0000015961473380 49] iPhone6S, [00000159616CE800][000001596148B640 49] iPhone6SPlus, [0000015961661500][000001596148F900 49] iPhone7Plus, [00000159616CC100][0000015961493BC0 49] iPhoneSE, [00000159616CCB00][0000015961496300 49] iPhone8, [0000015961670800][000001596149A5C0 49] iPhone8Plus, [00000159616CD500][000001596149E880 49] iPhoneX, [0000015961670F00][00000159614A2B40 49] iPhoneXS, [00000159616CF700][00000159614A6E00 49] iPhoneXSMax, [0000015961673100][00000159614AB0C0 49] iPhoneXR, [00000159616CF800][0000015961483340 49] iPhone11, [0000015961673D00][00000159614AF5C0 49] iPhone11Pro, [0000015961662700][00000159614B7880 49] iPhone11ProMax, [0000015961670600][00000159614BBB40 49] iPhoneSE2, [0000015961662000][00000159614BE280 49] iPhone12Mini, [0000015961673800][00000159614C2540 49] iPhone12, [0000015961661B00][00000159614C6800 49] iPhone12Pro, [0000015961671E00][00000159614CAAC0 49] iPhone12ProMax, [0000015961663F00][00000159614CED80 49] iPadPro105, [0000015961673400][00000159614D3040 49] iPadPro129, [0000015961663700][00000159614D7300 49] iPadPro97, [0000015961672200][00000159614B3580 49] iPadPro2_129, [0000015961662F00][00000159614DF840 49] iPad5, [0000015961670C00][00000159614E3B00 49] iPad6, [0000015961662500][00000159614E6240 49] iPad7, [0000015961672B00][00000159614EA500 49] iPad8, [0000015961661400][00000159614EE7C0 49] iPadPro11, [0000015961673E00][00000159614F2A80 49] iPadPro2_11, [0000015961662100][00000159614F6D40 49] iPadPro3_129, [0000015961670100][00000159614FB000 49] iPadPro4_129, [0000015961660F00][00000159614FF2C0 49] AppleTV, [0000015961673A00][00000159614DB540 49] AppleTV4K, [0000015961660100][00000159615037C0 49] TVOS, [0000015961670400][000001596150BA80 49] Mac, [0000015961663C00][000001596150E1C0 49] MacClient, [0000015961672800][0000015961512480 49] MacNoEditor, [0000015961662E00][0000015961516740 49] MacServer, [0000015961671900][000001596151AA00 49] Linux, [0000015961663300][000001596151ECC0 49] LinuxAArch64, [0000015961671F00][0000015961522F80 49] LinuxNoEditor, [0000015961662600][0000015961527240 49] LinuxAArch64NoEditor, [0000015961671A00][000001596152B500 49] LinuxClient, [0000015961661000][0000015961507780 49] LinuxAArch64Client, [0000015961671D00][000001596152FA00 49] LinuxServer, [0000015961660300][0000015961536140 49] LinuxAArch64Server, [0000015961671000][000001596153A400 49] Android, [0000015961662B00][000001596153E6C0 49] Android_Low, [0000015961671100][0000015961542980 49] Android_Mid, [0000015961661900][0000015961546C40 49] Android_High, [0000015961671800][000001596154AF00 49] Android_Default, [0000015961660200][000001596154F1C0 49] Android_Adreno4xx, [0000015961673200][0000015961553480 49] Android_Adreno5xx_Low, [0000015961660D00][0000015961557740 49] Android_Adreno5xx, [0000015961673300][00000159615339C0 49] Android_Adreno6xx, [0000015961660700][000001596155A0C0 49] Android_Adreno6xx_Vulkan, [0000015961670900][0000015961562380 49] Android_Mali_T6xx, [0000015961663E00][0000015961566640 49] Android_Mali_T7xx, [0000015961670500][000001596156A900 49] Android_Mali_T8xx, [0000015961663200][000001596156EBC0 49] Android_Mali_G71, [0000015961672A00][0000015961572E80 49] Android_Mali_G72, [0000015961661300][0000015961577140 49] Android_Mali_G72_Vulkan, [0000015961672C00][000001596157B400 49] Android_Mali_G76, [0000015961660A00][000001596157F6C0 49] Android_Mali_G76_Vulkan, [00000159616CC300][0000015961583980 49] Android_Mali_G77, [00000159616B6D00][000001596155FC00 49] Android_Mali_G77_Vulkan, [00000159616CE300][0000015961586300 49] Android_Mali_G78, [00000159616B5200][000001596158E5C0 49] Android_Mali_G78_Vulkan, [00000159616CC900][0000015961592880 49] Android_Mali_G710, [00000159616B6400][0000015961596B40 49] Android_Mali_G710_Vulkan, [00000159616CF400][000001596159AE00 49] Android_Vulkan_SM5, [00000159616B7D00][000001596159F0C0 49] Android_PowerVR_G6xxx, [00000159616CC600][00000159615A3380 49] Android_PowerVR_GT7xxx, [00000159616B6F00][00000159615A7640 49] Android_PowerVR_GE8xxx, [00000159616CEC00][00000159615AB900 49] Android_PowerVR_GM9xxx, [00000159616B6800][00000159615AFBC0 49] Android_PowerVR_GM9xxx_Vulkan, [00000159616CF000][000001596158A2C0 49] Android_TegraK1, [00000159616B5000][00000159615B2540 49] Android_Unknown_Vulkan, [00000159616CE100][00000159615BA800 49] Lumin, [00000159616B7F00][00000159615BEAC0 49] Lumin_Desktop, [00000159616CDC00][00000159615C2D80 49] HoloLens, 
[2023.04.22-10.35.41:772][  0]LogMeshReduction: Using QuadricMeshReduction for automatic static mesh reduction
[2023.04.22-10.35.41:772][  0]LogMeshReduction: Using SimplygonMeshReduction for automatic skeletal mesh reduction
[2023.04.22-10.35.41:772][  0]LogMeshReduction: Using ProxyLODMeshReduction for automatic mesh merging
[2023.04.22-10.35.41:772][  0]LogMeshReduction: No distributed automatic mesh merging module available
[2023.04.22-10.35.41:772][  0]LogMeshMerging: No distributed automatic mesh merging module available
[2023.04.22-10.35.43:202][  0]LogNetVersion: IMAT2104Assignment 1.0.0, NetCL: 17155196, EngineNetVer: 17, GameNetVer: 0 (Checksum: 541518900)
[2023.04.22-10.35.53:632][  0]LogTexture: Default maximum texture size for cubemaps generated from long-lat sources has been changed from 512 to unlimited. In order to preserve old behaiour for '/Engine/MapTemplates/Sky/DaylightAmbientCubemap.DaylightAmbientCubemap', its maximum texture size has been explicitly set to 512.
[2023.04.22-10.35.54:964][  0]LogHMD: PokeAHoleMaterial loaded successfully
[2023.04.22-10.35.54:970][  0]LogUObjectArray: 17178 objects as part of root set at end of initial load.
[2023.04.22-10.35.54:970][  0]LogUObjectAllocator: 4302048 out of 0 bytes used by permanent object pool.
[2023.04.22-10.35.54:970][  0]LogUObjectArray: CloseDisregardForGC: 0/0 objects in disregard for GC pool
[2023.04.22-10.35.56:821][  0]LogPython: Using Python 3.7.7
[2023.04.22-10.35.58:331][  0]LogTcpMessaging: Initializing TcpMessaging bridge
[2023.04.22-10.35.58:800][  0]LogUdpMessaging: Initializing bridge on interface 0.0.0.0:0 to multicast group 230.0.0.1:6666.
[2023.04.22-10.35.58:858][  0]LogNiagaraDebuggerClient: Niagara Debugger Client Initialized | Session: 8324EDE044277993A412558BE80EA688 | Instance: D098E1684A1DD5C3E3F8DA85E207431F (DESKTOP-L1Q50BK-23788).
[2023.04.22-10.35.59:167][  0]SourceControl: Source control is disabled
[2023.04.22-10.35.59:168][  0]SourceControl: Source control is disabled
[2023.04.22-10.35.59:171][  0]SourceControl: Source control is disabled
[2023.04.22-10.35.59:173][  0]SourceControl: Source control is disabled
[2023.04.22-10.35.59:179][  0]SourceControl: Source control is disabled
[2023.04.22-10.35.59:184][  0]LogUProjectInfo: Found projects:
[2023.04.22-10.36.01:687][  0]LogOpenImageDenoise: OIDN starting up
[2023.04.22-10.36.01:736][  0]LogAndroidPermission: UAndroidPermissionCallbackProxy::GetInstance
[2023.04.22-10.36.01:757][  0]LogAudioCaptureCore: Display: No Audio Capture implementations found. Audio input will be silent.
[2023.04.22-10.36.01:757][  0]LogAudioCaptureCore: Display: No Audio Capture implementations found. Audio input will be silent.
[2023.04.22-10.36.07:632][  0]LogCollectionManager: Loaded 0 collections in 0.001803 seconds
[2023.04.22-10.36.08:046][  0]LogFileCache: Scanning file cache for directory 'C:/Users/zefan/OneDrive/Documents/GitHub/IMAT2104Assignment/IMAT2104Assignment/Saved/Collections/' took 0.00s
[2023.04.22-10.36.08:046][  0]LogFileCache: Scanning file cache for directory 'C:/Users/zefan/OneDrive/Documents/GitHub/IMAT2104Assignment/IMAT2104Assignment/Content/Developers/zefan/Collections/' took 0.00s
[2023.04.22-10.36.08:046][  0]LogFileCache: Scanning file cache for directory 'C:/Users/zefan/OneDrive/Documents/GitHub/IMAT2104Assignment/IMAT2104Assignment/Content/Collections/' took 0.00s
[2023.04.22-10.36.08:046][  0]LogOcInput: OculusInput pre-init called
[2023.04.22-10.36.13:475][  0]LogEngine: Initializing Engine...
[2023.04.22-10.36.15:581][  0]LogHMD: Failed to enumerate extensions. Please check that you have a valid OpenXR runtime installed.
[2023.04.22-10.36.15:581][  0]LogHMD: Failed to initialize OpenVR with code 110
[2023.04.22-10.36.15:628][  0]LogMagicLeap: Warning: VR disabled because ZI is not enabled.  To enable, in the editor, Edit -> Project Settings -> Plugins -> Magic Leap Plugin -> Enable Zero Iteration
[2023.04.22-10.36.15:628][  0]LogStats: UGameplayTagsManager::InitializeManager -  0.000 s
[2023.04.22-10.36.15:758][  0]LogInit: Initializing FReadOnlyCVARCache
[2023.04.22-10.36.15:766][  0]LogAIModule: Creating AISystem for world Untitled
[2023.04.22-10.36.15:766][  0]LogAudio: Display: Initializing Audio Device Manager...
[2023.04.22-10.36.15:770][  0]LogAudio: Display: Loading Default Audio Settings Objects...
[2023.04.22-10.36.15:770][  0]LogAudio: Display: No default SoundConcurrencyObject specified (or failed to load).
[2023.04.22-10.36.15:771][  0]LogAudio: Display: Audio Device Manager Initialized
[2023.04.22-10.36.15:771][  0]LogAudio: Display: Creating Audio Device:                 Id: 1, Scope: Shared, Realtime: True
[2023.04.22-10.36.15:771][  0]LogAudioMixer: Display: Audio Mixer Platform Settings:
[2023.04.22-10.36.15:771][  0]LogAudioMixer: Display: 	Sample Rate:						  48000
[2023.04.22-10.36.15:771][  0]LogAudioMixer: Display: 	Callback Buffer Frame Size Requested: 1024
[2023.04.22-10.36.15:771][  0]LogAudioMixer: Display: 	Callback Buffer Frame Size To Use:	  1024
[2023.04.22-10.36.15:771][  0]LogAudioMixer: Display: 	Number of buffers to queue:			  2
[2023.04.22-10.36.15:771][  0]LogAudioMixer: Display: 	Max Channels (voices):				  32
[2023.04.22-10.36.15:771][  0]LogAudioMixer: Display: 	Number of Async Source Workers:		  0
[2023.04.22-10.36.15:771][  0]LogAudio: Display: AudioDevice MaxSources: 32
[2023.04.22-10.36.15:771][  0]LogAudio: Display: Audio Spatialization Plugin: None (built-in).
[2023.04.22-10.36.15:771][  0]LogAudio: Display: Audio Reverb Plugin: None (built-in).
[2023.04.22-10.36.15:771][  0]LogAudio: Display: Audio Occlusion Plugin: None (built-in).
[2023.04.22-10.36.15:771][  0]LogAudioMixer: Display: Initializing audio mixer.
[2023.04.22-10.36.16:015][  0]LogAudioMixer: Display: 0: FrontLeft
[2023.04.22-10.36.16:015][  0]LogAudioMixer: Display: 1: FrontRight
[2023.04.22-10.36.16:041][  0]LogAudioMixer: Display: Using Audio Device Speakers (Realtek(R) Audio)
[2023.04.22-10.36.16:044][  0]LogAudioMixer: Display: Initializing Sound Submixes...
[2023.04.22-10.36.16:046][  0]LogAudioMixer: Display: Creating Master Submix 'MasterSubmixDefault'
[2023.04.22-10.36.16:046][  0]LogAudioMixer: Display: Creating Master Submix 'MasterReverbSubmixDefault'
[2023.04.22-10.36.16:047][  0]LogAudioMixer: Display: Creating Master Submix 'MasterEQSubmixDefault'
[2023.04.22-10.36.16:047][  0]LogAudioMixer: FMixerPlatformXAudio2::StartAudioStream() called
[2023.04.22-10.36.16:047][  0]LogAudioMixer: Display: Output buffers initialized: Frames=1024, Channels=2, Samples=2048
[2023.04.22-10.36.16:048][  0]LogAudioMixer: Display: Starting AudioMixerPlatformInterface::RunInternal()
[2023.04.22-10.36.16:048][  0]LogAudioMixer: Display: FMixerPlatformXAudio2::SubmitBuffer() called for the first time
[2023.04.22-10.36.16:048][  0]LogInit: FAudioDevice initialized.
[2023.04.22-10.36.16:048][  0]LogAudio: Display: Audio Device (ID: 1) registered with world 'Untitled'.
[2023.04.22-10.36.16:048][  0]LogNetVersion: Set ProjectVersion to 1.0.0.0. Version Checksum will be recalculated on next use.
[2023.04.22-10.36.18:983][  0]LogDerivedDataCache: Saved boot cache 2.94s 94MB C:/Users/zefan/AppData/Local/UnrealEngine/4.27/DerivedDataCache/Boot.ddc.
[2023.04.22-10.36.18:983][  0]LogInit: Texture streaming: Enabled
[2023.04.22-10.36.18:996][  0]LogAnalytics: Display: [UEEditor.Rocket.Release] APIServer = https://datarouter.ol.epicgames.com/. AppVersion = 4.27.2-18319896+++UE4+Release-4.27
[2023.04.22-10.36.19:384][  0]LogEngineSessionManager: EngineSessionManager initialized
[2023.04.22-10.36.19:384][  0]LogEditorSessionSummary: Verbose: Initializing EditorSessionSummaryWriter for editor session tracking
[2023.04.22-10.36.19:945][  0]LogEditorSessionSummary: EditorSessionSummaryWriter initialized
[2023.04.22-10.36.19:960][  0]LogInit: Transaction tracking system initialized
[2023.04.22-10.36.19:979][  0]BlueprintLog: New page: Editor Load
[2023.04.22-10.36.21:221][  0]LocalizationService: Localization service is disabled
[2023.04.22-10.36.21:243][  0]TimingProfiler: Initialize
[2023.04.22-10.36.21:243][  0]TimingProfiler: OnSessionChanged
[2023.04.22-10.36.21:243][  0]LoadingProfiler: Initialize
[2023.04.22-10.36.21:243][  0]LoadingProfiler: OnSessionChanged
[2023.04.22-10.36.21:243][  0]NetworkingProfiler: Initialize
[2023.04.22-10.36.21:243][  0]NetworkingProfiler: OnSessionChanged
[2023.04.22-10.36.21:243][  0]MemoryProfiler: Initialize
[2023.04.22-10.36.21:243][  0]MemoryProfiler: OnSessionChanged
[2023.04.22-10.36.21:732][  0]LogSlate: Took 0.003843 seconds to synchronously load lazily loaded font '../../../Engine/Content/Slate/Fonts/Roboto-Regular.ttf' (155K)
[2023.04.22-10.36.37:711][  0]LogSlate: Window 'Low drive space warning' being destroyed
[2023.04.22-10.36.37:712][  0]LogWindowsTextInputMethodSystem: Display: IME system deactivated.
[2023.04.22-10.36.37:717][  0]Message dialog closed, result: Ok, title: Low drive space warning, text: The following drive locations have limited free space.
It is recommended that you free some space to avoid issues such as crashed and data loss due to files not being able to be written and saved.

  4,647 MB Free 		 C:/Program Files/Epic Games/UE_4.27/Engine/Binaries/Win64/
 				 The base engine directory. 

  4,647 MB Free 		 C:/Users/zefan/OneDrive/Documents/GitHub/IMAT2104Assignment/IMAT2104Assignment/
 				 The project directory. 

[2023.04.22-10.36.40:178][  0]LogCook: Display: CookSettings for Memory: MemoryMaxUsedVirtual 0MiB, MemoryMaxUsedPhysical 16384MiB, MemoryMinFreeVirtual 0MiB, MemoryMinFreePhysical 1024MiB
[2023.04.22-10.36.40:178][  0]LogCook: Display: Mobile HDR setting 1
[2023.04.22-10.36.40:182][  0]LogFileCache: Scanning file cache for directory 'C:/Users/zefan/OneDrive/Documents/GitHub/IMAT2104Assignment/IMAT2104Assignment/Content/' took 0.00s
[2023.04.22-10.36.40:618][  0]LogInit: Display: Engine is initialized. Leaving FEngineLoop::Init()
[2023.04.22-10.36.40:622][  0]SourceControl: Source control is disabled
[2023.04.22-10.36.40:622][  0]LogUnrealEdMisc: Loading editor; pre map load, took 72.666
[2023.04.22-10.36.40:623][  0]LightingResults: New page: Lighting Build
[2023.04.22-10.36.40:624][  0]LogWorld: UWorld::CleanupWorld for Untitled, bSessionEnded=true, bCleanupResources=true
[2023.04.22-10.36.40:624][  0]LogSlate: InvalidateAllWidgets triggered.  All widgets were invalidated
[2023.04.22-10.36.40:624][  0]MapCheck: New page: Map Check
[2023.04.22-10.36.40:624][  0]LightingResults: New page: Lighting Build
[2023.04.22-10.36.48:715][  0]LogAudio: Display: Audio Device unregistered from world 'None'.
[2023.04.22-10.36.48:717][  0]LogUObjectHash: Compacting FUObjectHashTables data took   0.80ms
[2023.04.22-10.37.16:895][  0]LogAudio: Display: Audio Device (ID: 1) registered with world 'ThirdPersonExampleMap'.
[2023.04.22-10.37.16:896][  0]LogAIModule: Creating AISystem for world ThirdPersonExampleMap
[2023.04.22-10.37.27:910][  0]LogEditorServer: Finished looking for orphan Actors (0.000 secs)
[2023.04.22-10.37.31:639][  0]LogUObjectHash: Compacting FUObjectHashTables data took   0.76ms
[2023.04.22-10.37.31:641][  0]Cmd: MAP CHECKDEP NOCLEARLOG
[2023.04.22-10.37.31:641][  0]MapCheck: Map check complete: 0 Error(s), 0 Warning(s), took 0.146ms to complete.
[2023.04.22-10.37.31:641][  0]LogFileHelpers: Loading map 'ThirdPersonExampleMap' took 51.019
[2023.04.22-10.37.31:643][  0]LogUnrealEdMisc: Total Editor Startup Time, took 123.687
[2023.04.22-10.37.31:694][  0]LogWindowsTextInputMethodSystem: Display: IME system deactivated.
[2023.04.22-10.37.41:693][  0]LogSlate: Updating window title bar state: overlay mode, drag disabled, window buttons hidden, title bar hidden
[2023.04.22-10.37.41:953][  0]LogSlate: Updating window title bar state: overlay mode, drag disabled, window buttons hidden, title bar hidden
[2023.04.22-10.37.41:958][  0]LogSlate: Updating window title bar state: overlay mode, drag disabled, window buttons hidden, title bar hidden
[2023.04.22-10.37.41:964][  0]LogSlate: Updating window title bar state: overlay mode, drag disabled, window buttons hidden, title bar hidden
[2023.04.22-10.37.45:129][  0]LogNativeClassHierarchy: Verbose: Native class hierarchy populated in 0.0121 seconds. Added 3822 classes and 928 folders.
[2023.04.22-10.37.45:922][  0]LogNativeClassHierarchy: Verbose: Native class hierarchy updated for 'WidgetCarousel' in 0.0002 seconds. Added 0 classes and 0 folders.
[2023.04.22-10.37.45:924][  0]LogPakFile: PakFile PrimaryIndexSize=187
[2023.04.22-10.37.45:924][  0]LogPakFile: PakFile PathHashIndexSize=101
[2023.04.22-10.37.45:924][  0]LogPakFile: PakFile FullDirectoryIndexSize=148
[2023.04.22-10.37.45:924][  0]LogShaderLibrary: Display: ShaderCodeLibraryPakFileMountedCallback: PakFile 'C:/Program Files/Epic Games/UE_4.27/FeaturePacks/FP_FirstPerson.upack' (chunk index -1, root 'root:/') mounted
[2023.04.22-10.37.45:924][  0]LogShaderLibrary: Display: ShaderCodeLibraryPakFileMountedCallback: pending pak file info (ChunkID:-1 Root:root:/ File:C:/Program Files/Epic Games/UE_4.27/FeaturePacks/FP_FirstPerson.upack)
[2023.04.22-10.37.45:924][  0]LogPakFile: OnPakFileMounted2Time == 0.000056
[2023.04.22-10.37.45:924][  0]LogPakFile: PakFile PrimaryIndexSize=189
[2023.04.22-10.37.45:924][  0]LogPakFile: PakFile PathHashIndexSize=101
[2023.04.22-10.37.45:924][  0]LogPakFile: PakFile FullDirectoryIndexSize=152
[2023.04.22-10.37.45:924][  0]LogShaderLibrary: Display: ShaderCodeLibraryPakFileMountedCallback: PakFile 'C:/Program Files/Epic Games/UE_4.27/FeaturePacks/FP_FirstPersonBP.upack' (chunk index -1, root 'root:/') mounted
[2023.04.22-10.37.45:924][  0]LogShaderLibrary: Display: ShaderCodeLibraryPakFileMountedCallback: pending pak file info (ChunkID:-1 Root:root:/ File:C:/Program Files/Epic Games/UE_4.27/FeaturePacks/FP_FirstPersonBP.upack)
[2023.04.22-10.37.45:924][  0]LogPakFile: OnPakFileMounted2Time == 0.000037
[2023.04.22-10.37.45:925][  0]LogPakFile: PakFile PrimaryIndexSize=191
[2023.04.22-10.37.45:925][  0]LogPakFile: PakFile PathHashIndexSize=101
[2023.04.22-10.37.45:925][  0]LogPakFile: PakFile FullDirectoryIndexSize=160
[2023.04.22-10.37.45:925][  0]LogShaderLibrary: Display: ShaderCodeLibraryPakFileMountedCallback: PakFile 'C:/Program Files/Epic Games/UE_4.27/FeaturePacks/MobileStarterContent.upack' (chunk index -1, root 'root:/') mounted
[2023.04.22-10.37.45:925][  0]LogShaderLibrary: Display: ShaderCodeLibraryPakFileMountedCallback: pending pak file info (ChunkID:-1 Root:root:/ File:C:/Program Files/Epic Games/UE_4.27/FeaturePacks/MobileStarterContent.upack)
[2023.04.22-10.37.45:925][  0]LogPakFile: OnPakFileMounted2Time == 0.000037
[2023.04.22-10.37.45:925][  0]LogPakFile: PakFile PrimaryIndexSize=185
[2023.04.22-10.37.45:925][  0]LogPakFile: PakFile PathHashIndexSize=101
[2023.04.22-10.37.45:925][  0]LogPakFile: PakFile FullDirectoryIndexSize=148
[2023.04.22-10.37.45:926][  0]LogShaderLibrary: Display: ShaderCodeLibraryPakFileMountedCallback: PakFile 'C:/Program Files/Epic Games/UE_4.27/FeaturePacks/StarterContent.upack' (chunk index -1, root 'root:/') mounted
[2023.04.22-10.37.45:926][  0]LogShaderLibrary: Display: ShaderCodeLibraryPakFileMountedCallback: pending pak file info (ChunkID:-1 Root:root:/ File:C:/Program Files/Epic Games/UE_4.27/FeaturePacks/StarterContent.upack)
[2023.04.22-10.37.45:926][  0]LogPakFile: OnPakFileMounted2Time == 0.000037
[2023.04.22-10.37.45:926][  0]LogPakFile: PakFile PrimaryIndexSize=190
[2023.04.22-10.37.45:926][  0]LogPakFile: PakFile PathHashIndexSize=101
[2023.04.22-10.37.45:926][  0]LogPakFile: PakFile FullDirectoryIndexSize=154
[2023.04.22-10.37.45:926][  0]LogShaderLibrary: Display: ShaderCodeLibraryPakFileMountedCallback: PakFile 'C:/Program Files/Epic Games/UE_4.27/FeaturePacks/TP_2DSideScroller.upack' (chunk index -1, root 'root:/') mounted
[2023.04.22-10.37.45:926][  0]LogShaderLibrary: Display: ShaderCodeLibraryPakFileMountedCallback: pending pak file info (ChunkID:-1 Root:root:/ File:C:/Program Files/Epic Games/UE_4.27/FeaturePacks/TP_2DSideScroller.upack)
[2023.04.22-10.37.45:926][  0]LogPakFile: OnPakFileMounted2Time == 0.000033
[2023.04.22-10.37.45:927][  0]LogPakFile: PakFile PrimaryIndexSize=192
[2023.04.22-10.37.45:927][  0]LogPakFile: PakFile PathHashIndexSize=101
[2023.04.22-10.37.45:927][  0]LogPakFile: PakFile FullDirectoryIndexSize=158
[2023.04.22-10.37.45:927][  0]LogShaderLibrary: Display: ShaderCodeLibraryPakFileMountedCallback: PakFile 'C:/Program Files/Epic Games/UE_4.27/FeaturePacks/TP_2DSideScrollerBP.upack' (chunk index -1, root 'root:/') mounted
[2023.04.22-10.37.45:927][  0]LogShaderLibrary: Display: ShaderCodeLibraryPakFileMountedCallback: pending pak file info (ChunkID:-1 Root:root:/ File:C:/Program Files/Epic Games/UE_4.27/FeaturePacks/TP_2DSideScrollerBP.upack)
[2023.04.22-10.37.45:927][  0]LogPakFile: OnPakFileMounted2Time == 0.000033
[2023.04.22-10.37.45:927][  0]LogPakFile: PakFile PrimaryIndexSize=182
[2023.04.22-10.37.45:927][  0]LogPakFile: PakFile PathHashIndexSize=101
[2023.04.22-10.37.45:927][  0]LogPakFile: PakFile FullDirectoryIndexSize=138
[2023.04.22-10.37.45:927][  0]LogShaderLibrary: Display: ShaderCodeLibraryPakFileMountedCallback: PakFile 'C:/Program Files/Epic Games/UE_4.27/FeaturePacks/TP_Flying.upack' (chunk index -1, root 'root:/') mounted
[2023.04.22-10.37.45:927][  0]LogShaderLibrary: Display: ShaderCodeLibraryPakFileMountedCallback: pending pak file info (ChunkID:-1 Root:root:/ File:C:/Program Files/Epic Games/UE_4.27/FeaturePacks/TP_Flying.upack)
[2023.04.22-10.37.45:927][  0]LogPakFile: OnPakFileMounted2Time == 0.000033
[2023.04.22-10.37.45:928][  0]LogPakFile: PakFile PrimaryIndexSize=184
[2023.04.22-10.37.45:928][  0]LogPakFile: PakFile PathHashIndexSize=101
[2023.04.22-10.37.45:928][  0]LogPakFile: PakFile FullDirectoryIndexSize=142
[2023.04.22-10.37.45:928][  0]LogShaderLibrary: Display: ShaderCodeLibraryPakFileMountedCallback: PakFile 'C:/Program Files/Epic Games/UE_4.27/FeaturePacks/TP_FlyingBP.upack' (chunk index -1, root 'root:/') mounted
[2023.04.22-10.37.45:928][  0]LogShaderLibrary: Display: ShaderCodeLibraryPakFileMountedCallback: pending pak file info (ChunkID:-1 Root:root:/ File:C:/Program Files/Epic Games/UE_4.27/FeaturePacks/TP_FlyingBP.upack)
[2023.04.22-10.37.45:928][  0]LogPakFile: OnPakFileMounted2Time == 0.000033
[2023.04.22-10.37.45:928][  0]LogPakFile: PakFile PrimaryIndexSize=188
[2023.04.22-10.37.45:928][  0]LogPakFile: PakFile PathHashIndexSize=101
[2023.04.22-10.37.45:928][  0]LogPakFile: PakFile FullDirectoryIndexSize=150
[2023.04.22-10.37.45:928][  0]LogShaderLibrary: Display: ShaderCodeLibraryPakFileMountedCallback: PakFile 'C:/Program Files/Epic Games/UE_4.27/FeaturePacks/TP_HandheldARBP.upack' (chunk index -1, root 'root:/') mounted
[2023.04.22-10.37.45:928][  0]LogShaderLibrary: Display: ShaderCodeLibraryPakFileMountedCallback: pending pak file info (ChunkID:-1 Root:root:/ File:C:/Program Files/Epic Games/UE_4.27/FeaturePacks/TP_HandheldARBP.upack)
[2023.04.22-10.37.45:928][  0]LogPakFile: OnPakFileMounted2Time == 0.000033
[2023.04.22-10.37.45:929][  0]LogPakFile: PakFile PrimaryIndexSize=182
[2023.04.22-10.37.45:929][  0]LogPakFile: PakFile PathHashIndexSize=101
[2023.04.22-10.37.45:929][  0]LogPakFile: PakFile FullDirectoryIndexSize=138
[2023.04.22-10.37.45:929][  0]LogShaderLibrary: Display: ShaderCodeLibraryPakFileMountedCallback: PakFile 'C:/Program Files/Epic Games/UE_4.27/FeaturePacks/TP_Puzzle.upack' (chunk index -1, root 'root:/') mounted
[2023.04.22-10.37.45:929][  0]LogShaderLibrary: Display: ShaderCodeLibraryPakFileMountedCallback: pending pak file info (ChunkID:-1 Root:root:/ File:C:/Program Files/Epic Games/UE_4.27/FeaturePacks/TP_Puzzle.upack)
[2023.04.22-10.37.45:929][  0]LogPakFile: OnPakFileMounted2Time == 0.000033
[2023.04.22-10.37.45:930][  0]LogPakFile: PakFile PrimaryIndexSize=184
[2023.04.22-10.37.45:930][  0]LogPakFile: PakFile PathHashIndexSize=101
[2023.04.22-10.37.45:930][  0]LogPakFile: PakFile FullDirectoryIndexSize=142
[2023.04.22-10.37.45:930][  0]LogShaderLibrary: Display: ShaderCodeLibraryPakFileMountedCallback: PakFile 'C:/Program Files/Epic Games/UE_4.27/FeaturePacks/TP_PuzzleBP.upack' (chunk index -1, root 'root:/') mounted
[2023.04.22-10.37.45:930][  0]LogShaderLibrary: Display: ShaderCodeLibraryPakFileMountedCallback: pending pak file info (ChunkID:-1 Root:root:/ File:C:/Program Files/Epic Games/UE_4.27/FeaturePacks/TP_PuzzleBP.upack)
[2023.04.22-10.37.45:930][  0]LogPakFile: OnPakFileMounted2Time == 0.000033
[2023.04.22-10.37.45:930][  0]LogPakFile: PakFile PrimaryIndexSize=183
[2023.04.22-10.37.45:930][  0]LogPakFile: PakFile PathHashIndexSize=101
[2023.04.22-10.37.45:930][  0]LogPakFile: PakFile FullDirectoryIndexSize=140
[2023.04.22-10.37.45:930][  0]LogShaderLibrary: Display: ShaderCodeLibraryPakFileMountedCallback: PakFile 'C:/Program Files/Epic Games/UE_4.27/FeaturePacks/TP_Rolling.upack' (chunk index -1, root 'root:/') mounted
[2023.04.22-10.37.45:930][  0]LogShaderLibrary: Display: ShaderCodeLibraryPakFileMountedCallback: pending pak file info (ChunkID:-1 Root:root:/ File:C:/Program Files/Epic Games/UE_4.27/FeaturePacks/TP_Rolling.upack)
[2023.04.22-10.37.45:930][  0]LogPakFile: OnPakFileMounted2Time == 0.000037
[2023.04.22-10.37.45:931][  0]LogPakFile: PakFile PrimaryIndexSize=185
[2023.04.22-10.37.45:931][  0]LogPakFile: PakFile PathHashIndexSize=101
[2023.04.22-10.37.45:931][  0]LogPakFile: PakFile FullDirectoryIndexSize=144
[2023.04.22-10.37.45:931][  0]LogShaderLibrary: Display: ShaderCodeLibraryPakFileMountedCallback: PakFile 'C:/Program Files/Epic Games/UE_4.27/FeaturePacks/TP_RollingBP.upack' (chunk index -1, root 'root:/') mounted
[2023.04.22-10.37.45:931][  0]LogShaderLibrary: Display: ShaderCodeLibraryPakFileMountedCallback: pending pak file info (ChunkID:-1 Root:root:/ File:C:/Program Files/Epic Games/UE_4.27/FeaturePacks/TP_RollingBP.upack)
[2023.04.22-10.37.45:931][  0]LogPakFile: OnPakFileMounted2Time == 0.000033
[2023.04.22-10.37.45:932][  0]LogPakFile: PakFile PrimaryIndexSize=188
[2023.04.22-10.37.45:932][  0]LogPakFile: PakFile PathHashIndexSize=101
[2023.04.22-10.37.45:932][  0]LogPakFile: PakFile FullDirectoryIndexSize=150
[2023.04.22-10.37.45:932][  0]LogShaderLibrary: Display: ShaderCodeLibraryPakFileMountedCallback: PakFile 'C:/Program Files/Epic Games/UE_4.27/FeaturePacks/TP_SideScroller.upack' (chunk index -1, root 'root:/') mounted
[2023.04.22-10.37.45:932][  0]LogShaderLibrary: Display: ShaderCodeLibraryPakFileMountedCallback: pending pak file info (ChunkID:-1 Root:root:/ File:C:/Program Files/Epic Games/UE_4.27/FeaturePacks/TP_SideScroller.upack)
[2023.04.22-10.37.45:932][  0]LogPakFile: OnPakFileMounted2Time == 0.000037
[2023.04.22-10.37.45:932][  0]LogPakFile: PakFile PrimaryIndexSize=190
[2023.04.22-10.37.45:932][  0]LogPakFile: PakFile PathHashIndexSize=101
[2023.04.22-10.37.45:932][  0]LogPakFile: PakFile FullDirectoryIndexSize=154
[2023.04.22-10.37.45:932][  0]LogShaderLibrary: Display: ShaderCodeLibraryPakFileMountedCallback: PakFile 'C:/Program Files/Epic Games/UE_4.27/FeaturePacks/TP_SideScrollerBP.upack' (chunk index -1, root 'root:/') mounted
[2023.04.22-10.37.45:932][  0]LogShaderLibrary: Display: ShaderCodeLibraryPakFileMountedCallback: pending pak file info (ChunkID:-1 Root:root:/ File:C:/Program Files/Epic Games/UE_4.27/FeaturePacks/TP_SideScrollerBP.upack)
[2023.04.22-10.37.45:932][  0]LogPakFile: OnPakFileMounted2Time == 0.000034
[2023.04.22-10.37.45:933][  0]LogPakFile: PakFile PrimaryIndexSize=187
[2023.04.22-10.37.45:933][  0]LogPakFile: PakFile PathHashIndexSize=101
[2023.04.22-10.37.45:933][  0]LogPakFile: PakFile FullDirectoryIndexSize=148
[2023.04.22-10.37.45:933][  0]LogShaderLibrary: Display: ShaderCodeLibraryPakFileMountedCallback: PakFile 'C:/Program Files/Epic Games/UE_4.27/FeaturePacks/TP_ThirdPerson.upack' (chunk index -1, root 'root:/') mounted
[2023.04.22-10.37.45:933][  0]LogShaderLibrary: Display: ShaderCodeLibraryPakFileMountedCallback: pending pak file info (ChunkID:-1 Root:root:/ File:C:/Program Files/Epic Games/UE_4.27/FeaturePacks/TP_ThirdPerson.upack)
[2023.04.22-10.37.45:933][  0]LogPakFile: OnPakFileMounted2Time == 0.000033
[2023.04.22-10.37.45:933][  0]LogPakFile: PakFile PrimaryIndexSize=189
[2023.04.22-10.37.45:933][  0]LogPakFile: PakFile PathHashIndexSize=101
[2023.04.22-10.37.45:933][  0]LogPakFile: PakFile FullDirectoryIndexSize=152
[2023.04.22-10.37.45:933][  0]LogShaderLibrary: Display: ShaderCodeLibraryPakFileMountedCallback: PakFile 'C:/Program Files/Epic Games/UE_4.27/FeaturePacks/TP_ThirdPersonBP.upack' (chunk index -1, root 'root:/') mounted
[2023.04.22-10.37.45:933][  0]LogShaderLibrary: Display: ShaderCodeLibraryPakFileMountedCallback: pending pak file info (ChunkID:-1 Root:root:/ File:C:/Program Files/Epic Games/UE_4.27/FeaturePacks/TP_ThirdPersonBP.upack)
[2023.04.22-10.37.45:933][  0]LogPakFile: OnPakFileMounted2Time == 0.000034
[2023.04.22-10.37.45:934][  0]LogPakFile: PakFile PrimaryIndexSize=183
[2023.04.22-10.37.45:934][  0]LogPakFile: PakFile PathHashIndexSize=101
[2023.04.22-10.37.45:934][  0]LogPakFile: PakFile FullDirectoryIndexSize=140
[2023.04.22-10.37.45:934][  0]LogShaderLibrary: Display: ShaderCodeLibraryPakFileMountedCallback: PakFile 'C:/Program Files/Epic Games/UE_4.27/FeaturePacks/TP_TopDown.upack' (chunk index -1, root 'root:/') mounted
[2023.04.22-10.37.45:934][  0]LogShaderLibrary: Display: ShaderCodeLibraryPakFileMountedCallback: pending pak file info (ChunkID:-1 Root:root:/ File:C:/Program Files/Epic Games/UE_4.27/FeaturePacks/TP_TopDown.upack)
[2023.04.22-10.37.45:934][  0]LogPakFile: OnPakFileMounted2Time == 0.000039
[2023.04.22-10.37.45:934][  0]LogPakFile: PakFile PrimaryIndexSize=185
[2023.04.22-10.37.45:935][  0]LogPakFile: PakFile PathHashIndexSize=101
[2023.04.22-10.37.45:935][  0]LogPakFile: PakFile FullDirectoryIndexSize=144
[2023.04.22-10.37.45:935][  0]LogShaderLibrary: Display: ShaderCodeLibraryPakFileMountedCallback: PakFile 'C:/Program Files/Epic Games/UE_4.27/FeaturePacks/TP_TopDownBP.upack' (chunk index -1, root 'root:/') mounted
[2023.04.22-10.37.45:935][  0]LogShaderLibrary: Display: ShaderCodeLibraryPakFileMountedCallback: pending pak file info (ChunkID:-1 Root:root:/ File:C:/Program Files/Epic Games/UE_4.27/FeaturePacks/TP_TopDownBP.upack)
[2023.04.22-10.37.45:935][  0]LogPakFile: OnPakFileMounted2Time == 0.000034
[2023.04.22-10.37.45:935][  0]LogPakFile: PakFile PrimaryIndexSize=185
[2023.04.22-10.37.45:935][  0]LogPakFile: PakFile PathHashIndexSize=101
[2023.04.22-10.37.45:935][  0]LogPakFile: PakFile FullDirectoryIndexSize=144
[2023.04.22-10.37.45:935][  0]LogShaderLibrary: Display: ShaderCodeLibraryPakFileMountedCallback: PakFile 'C:/Program Files/Epic Games/UE_4.27/FeaturePacks/TP_TwinStick.upack' (chunk index -1, root 'root:/') mounted
[2023.04.22-10.37.45:935][  0]LogShaderLibrary: Display: ShaderCodeLibraryPakFileMountedCallback: pending pak file info (ChunkID:-1 Root:root:/ File:C:/Program Files/Epic Games/UE_4.27/FeaturePacks/TP_TwinStick.upack)
[2023.04.22-10.37.45:935][  0]LogPakFile: OnPakFileMounted2Time == 0.000035
[2023.04.22-10.37.45:936][  0]LogPakFile: PakFile PrimaryIndexSize=187
[2023.04.22-10.37.45:936][  0]LogPakFile: PakFile PathHashIndexSize=101
[2023.04.22-10.37.45:936][  0]LogPakFile: PakFile FullDirectoryIndexSize=148
[2023.04.22-10.37.45:936][  0]LogShaderLibrary: Display: ShaderCodeLibraryPakFileMountedCallback: PakFile 'C:/Program Files/Epic Games/UE_4.27/FeaturePacks/TP_TwinStickBP.upack' (chunk index -1, root 'root:/') mounted
[2023.04.22-10.37.45:936][  0]LogShaderLibrary: Display: ShaderCodeLibraryPakFileMountedCallback: pending pak file info (ChunkID:-1 Root:root:/ File:C:/Program Files/Epic Games/UE_4.27/FeaturePacks/TP_TwinStickBP.upack)
[2023.04.22-10.37.45:936][  0]LogPakFile: OnPakFileMounted2Time == 0.000034
[2023.04.22-10.37.45:936][  0]LogPakFile: PakFile PrimaryIndexSize=183
[2023.04.22-10.37.45:936][  0]LogPakFile: PakFile PathHashIndexSize=101
[2023.04.22-10.37.45:936][  0]LogPakFile: PakFile FullDirectoryIndexSize=140
[2023.04.22-10.37.45:936][  0]LogShaderLibrary: Display: ShaderCodeLibraryPakFileMountedCallback: PakFile 'C:/Program Files/Epic Games/UE_4.27/FeaturePacks/TP_Vehicle.upack' (chunk index -1, root 'root:/') mounted
[2023.04.22-10.37.45:936][  0]LogShaderLibrary: Display: ShaderCodeLibraryPakFileMountedCallback: pending pak file info (ChunkID:-1 Root:root:/ File:C:/Program Files/Epic Games/UE_4.27/FeaturePacks/TP_Vehicle.upack)
[2023.04.22-10.37.45:936][  0]LogPakFile: OnPakFileMounted2Time == 0.000033
[2023.04.22-10.37.45:937][  0]LogPakFile: PakFile PrimaryIndexSize=186
[2023.04.22-10.37.45:937][  0]LogPakFile: PakFile PathHashIndexSize=101
[2023.04.22-10.37.45:937][  0]LogPakFile: PakFile FullDirectoryIndexSize=146
[2023.04.22-10.37.45:937][  0]LogShaderLibrary: Display: ShaderCodeLibraryPakFileMountedCallback: PakFile 'C:/Program Files/Epic Games/UE_4.27/FeaturePacks/TP_VehicleAdv.upack' (chunk index -1, root 'root:/') mounted
[2023.04.22-10.37.45:937][  0]LogShaderLibrary: Display: ShaderCodeLibraryPakFileMountedCallback: pending pak file info (ChunkID:-1 Root:root:/ File:C:/Program Files/Epic Games/UE_4.27/FeaturePacks/TP_VehicleAdv.upack)
[2023.04.22-10.37.45:937][  0]LogPakFile: OnPakFileMounted2Time == 0.000034
[2023.04.22-10.37.45:938][  0]LogPakFile: PakFile PrimaryIndexSize=188
[2023.04.22-10.37.45:938][  0]LogPakFile: PakFile PathHashIndexSize=101
[2023.04.22-10.37.45:938][  0]LogPakFile: PakFile FullDirectoryIndexSize=150
[2023.04.22-10.37.45:938][  0]LogShaderLibrary: Display: ShaderCodeLibraryPakFileMountedCallback: PakFile 'C:/Program Files/Epic Games/UE_4.27/FeaturePacks/TP_VehicleAdvBP.upack' (chunk index -1, root 'root:/') mounted
[2023.04.22-10.37.45:938][  0]LogShaderLibrary: Display: ShaderCodeLibraryPakFileMountedCallback: pending pak file info (ChunkID:-1 Root:root:/ File:C:/Program Files/Epic Games/UE_4.27/FeaturePacks/TP_VehicleAdvBP.upack)
[2023.04.22-10.37.45:938][  0]LogPakFile: OnPakFileMounted2Time == 0.000035
[2023.04.22-10.37.45:938][  0]LogPakFile: PakFile PrimaryIndexSize=185
[2023.04.22-10.37.45:938][  0]LogPakFile: PakFile PathHashIndexSize=101
[2023.04.22-10.37.45:938][  0]LogPakFile: PakFile FullDirectoryIndexSize=144
[2023.04.22-10.37.45:938][  0]LogShaderLibrary: Display: ShaderCodeLibraryPakFileMountedCallback: PakFile 'C:/Program Files/Epic Games/UE_4.27/FeaturePacks/TP_VehicleBP.upack' (chunk index -1, root 'root:/') mounted
[2023.04.22-10.37.45:938][  0]LogShaderLibrary: Display: ShaderCodeLibraryPakFileMountedCallback: pending pak file info (ChunkID:-1 Root:root:/ File:C:/Program Files/Epic Games/UE_4.27/FeaturePacks/TP_VehicleBP.upack)
[2023.04.22-10.37.45:938][  0]LogPakFile: OnPakFileMounted2Time == 0.000033
[2023.04.22-10.37.45:939][  0]LogPakFile: PakFile PrimaryIndexSize=192
[2023.04.22-10.37.45:939][  0]LogPakFile: PakFile PathHashIndexSize=101
[2023.04.22-10.37.45:939][  0]LogPakFile: PakFile FullDirectoryIndexSize=158
[2023.04.22-10.37.45:939][  0]LogShaderLibrary: Display: ShaderCodeLibraryPakFileMountedCallback: PakFile 'C:/Program Files/Epic Games/UE_4.27/FeaturePacks/TP_VirtualRealityBP.upack' (chunk index -1, root 'root:/') mounted
[2023.04.22-10.37.45:939][  0]LogShaderLibrary: Display: ShaderCodeLibraryPakFileMountedCallback: pending pak file info (ChunkID:-1 Root:root:/ File:C:/Program Files/Epic Games/UE_4.27/FeaturePacks/TP_VirtualRealityBP.upack)
[2023.04.22-10.37.45:939][  0]LogPakFile: OnPakFileMounted2Time == 0.000039
[2023.04.22-10.37.45:993][  0]LogNativeClassHierarchy: Verbose: Native class hierarchy updated for 'AddContentDialog' in 0.0002 seconds. Added 0 classes and 0 folders.
[2023.04.22-10.37.46:620][  0]LogNativeClassHierarchy: Verbose: Native class hierarchy updated for 'SceneOutliner' in 0.0003 seconds. Added 2 classes and 0 folders.
[2023.04.22-10.38.00:941][  0]LogSlate: Took 9.603074 seconds to synchronously load lazily loaded font '../../../Engine/Content/Editor/Slate/Fonts/FontAwesome.ttf' (139K)
[2023.04.22-10.38.01:034][  0]LogSlate: Took 0.003643 seconds to synchronously load lazily loaded font '../../../Engine/Content/Slate/Fonts/Roboto-Bold.ttf' (160K)
[2023.04.22-10.38.04:261][  0]LogRenderer: Reallocating scene render targets to support 1208x572 Format 10 NumSamples 1 (Frame:1).
[2023.04.22-10.38.10:479][  0]LogNativeClassHierarchy: Verbose: Native class hierarchy updated for 'HierarchicalLODOutliner' in 0.0002 seconds. Added 0 classes and 0 folders.
[2023.04.22-10.38.10:479][  0]LogInput: Warning: Action Jump uses invalid key OculusGo_Left_Trigger_Click.
[2023.04.22-10.38.10:479][  0]LogInput: Warning: Action ResetVR uses invalid key OculusGo_Left_Trackpad_Click.
[2023.04.22-10.38.10:479][  0]LogInput: Warning: Use -RemoveInvalidKeys to remove instances of these keys from the action mapping.
[2023.04.22-10.38.10:479][  0]LogLoad: (Engine Initialization) Total time: 162.52 seconds
[2023.04.22-10.38.10:479][  0]LogLoad: (Engine Initialization) Total Blueprint compile time: 0.00 seconds
[2023.04.22-10.38.10:909][  0]LogAssetRegistry: Asset discovery search completed in 151.2344 seconds
[2023.04.22-10.38.10:914][  0]LogCollectionManager: Fixed up redirectors for 0 collections in 0.000003 seconds (updated 0 objects)
[2023.04.22-10.38.11:328][  0]LogContentStreaming: Texture pool size now 1000 MB
[2023.04.22-10.38.13:690][  2]LogEditorViewport: Clicking on Actor (context menu): TextRenderActor (TextRenderActor)
[2023.04.22-10.38.17:616][  2]LogSlate: Took 0.000161 seconds to synchronously load lazily loaded font '../../../Engine/Content/Slate/Fonts/Roboto-Light.ttf' (167K)
